[2024-09-04 14:02:22] local.ERROR: could not find driver (Connection: sqlite, SQL: PRAGMA foreign_keys = ON;) {"exception":"[object] (Illuminate\\Database\\QueryException(code: 0): could not find driver (Connection: sqlite, SQL: PRAGMA foreign_keys = ON;) at /home/alunoifpe/eloquent/vendor/laravel/framework/src/Illuminate/Database/Connection.php:825)
[stacktrace]
#0 /home/alunoifpe/eloquent/vendor/laravel/framework/src/Illuminate/Database/Connection.php(779): Illuminate\\Database\\Connection->runQueryCallback()
#1 /home/alunoifpe/eloquent/vendor/laravel/framework/src/Illuminate/Database/Connection.php(560): Illuminate\\Database\\Connection->run()
#2 /home/alunoifpe/eloquent/vendor/laravel/framework/src/Illuminate/Database/Schema/Builder.php(523): Illuminate\\Database\\Connection->statement()
#3 /home/alunoifpe/eloquent/vendor/laravel/framework/src/Illuminate/Database/SQLiteConnection.php(59): Illuminate\\Database\\Schema\\Builder->enableForeignKeyConstraints()
#4 /home/alunoifpe/eloquent/vendor/laravel/framework/src/Illuminate/Database/SQLiteConnection.php(28): Illuminate\\Database\\SQLiteConnection->configureForeignKeyConstraints()
#5 /home/alunoifpe/eloquent/vendor/laravel/framework/src/Illuminate/Database/Connectors/ConnectionFactory.php(277): Illuminate\\Database\\SQLiteConnection->__construct()
#6 /home/alunoifpe/eloquent/vendor/laravel/framework/src/Illuminate/Database/Connectors/ConnectionFactory.php(76): Illuminate\\Database\\Connectors\\ConnectionFactory->createConnection()
#7 /home/alunoifpe/eloquent/vendor/laravel/framework/src/Illuminate/Database/Connectors/ConnectionFactory.php(51): Illuminate\\Database\\Connectors\\ConnectionFactory->createSingleConnection()
#8 /home/alunoifpe/eloquent/vendor/laravel/framework/src/Illuminate/Database/DatabaseManager.php(167): Illuminate\\Database\\Connectors\\ConnectionFactory->make()
#9 /home/alunoifpe/eloquent/vendor/laravel/framework/src/Illuminate/Database/DatabaseManager.php(93): Illuminate\\Database\\DatabaseManager->makeConnection()
#10 /home/alunoifpe/eloquent/vendor/laravel/framework/src/Illuminate/Cache/CacheManager.php(214): Illuminate\\Database\\DatabaseManager->connection()
#11 /home/alunoifpe/eloquent/vendor/laravel/framework/src/Illuminate/Cache/CacheManager.php(100): Illuminate\\Cache\\CacheManager->createDatabaseDriver()
#12 /home/alunoifpe/eloquent/vendor/laravel/framework/src/Illuminate/Cache/CacheManager.php(61): Illuminate\\Cache\\CacheManager->resolve()
#13 /home/alunoifpe/eloquent/vendor/laravel/framework/src/Illuminate/Cache/CacheManager.php(72): Illuminate\\Cache\\CacheManager->store()
#14 /home/alunoifpe/eloquent/vendor/laravel/framework/src/Illuminate/Cache/CacheServiceProvider.php(23): Illuminate\\Cache\\CacheManager->driver()
#15 /home/alunoifpe/eloquent/vendor/laravel/framework/src/Illuminate/Container/Container.php(931): Illuminate\\Cache\\CacheServiceProvider->Illuminate\\Cache\\{closure}()
#16 /home/alunoifpe/eloquent/vendor/laravel/framework/src/Illuminate/Container/Container.php(815): Illuminate\\Container\\Container->build()
#17 /home/alunoifpe/eloquent/vendor/laravel/framework/src/Illuminate/Foundation/Application.php(1046): Illuminate\\Container\\Container->resolve()
#18 /home/alunoifpe/eloquent/vendor/laravel/framework/src/Illuminate/Container/Container.php(751): Illuminate\\Foundation\\Application->resolve()
#19 /home/alunoifpe/eloquent/vendor/laravel/framework/src/Illuminate/Foundation/Application.php(1028): Illuminate\\Container\\Container->make()
#20 /home/alunoifpe/eloquent/vendor/laravel/framework/src/Illuminate/Container/Container.php(1559): Illuminate\\Foundation\\Application->make()
#21 /home/alunoifpe/eloquent/vendor/laravel/framework/src/Illuminate/Foundation/Providers/ArtisanServiceProvider.php(681): Illuminate\\Container\\Container->offsetGet()
#22 /home/alunoifpe/eloquent/vendor/laravel/framework/src/Illuminate/Container/Container.php(931): Illuminate\\Foundation\\Providers\\ArtisanServiceProvider->Illuminate\\Foundation\\Providers\\{closure}()
#23 /home/alunoifpe/eloquent/vendor/laravel/framework/src/Illuminate/Container/Container.php(815): Illuminate\\Container\\Container->build()
#24 /home/alunoifpe/eloquent/vendor/laravel/framework/src/Illuminate/Foundation/Application.php(1046): Illuminate\\Container\\Container->resolve()
#25 /home/alunoifpe/eloquent/vendor/laravel/framework/src/Illuminate/Container/Container.php(762): Illuminate\\Foundation\\Application->resolve()
#26 /home/alunoifpe/eloquent/vendor/laravel/framework/src/Illuminate/Console/ContainerCommandLoader.php(53): Illuminate\\Container\\Container->get()
#27 /home/alunoifpe/eloquent/vendor/symfony/console/Application.php(584): Illuminate\\Console\\ContainerCommandLoader->get()
#28 /home/alunoifpe/eloquent/vendor/symfony/console/Application.php(774): Symfony\\Component\\Console\\Application->has()
#29 /home/alunoifpe/eloquent/vendor/symfony/console/Application.php(597): Symfony\\Component\\Console\\Application->all()
#30 /home/alunoifpe/eloquent/vendor/symfony/console/Application.php(619): Symfony\\Component\\Console\\Application->getNamespaces()
#31 /home/alunoifpe/eloquent/vendor/symfony/console/Application.php(685): Symfony\\Component\\Console\\Application->findNamespace()
#32 /home/alunoifpe/eloquent/vendor/symfony/console/Application.php(258): Symfony\\Component\\Console\\Application->find()
#33 /home/alunoifpe/eloquent/vendor/symfony/console/Application.php(167): Symfony\\Component\\Console\\Application->doRun()
#34 /home/alunoifpe/eloquent/vendor/laravel/framework/src/Illuminate/Foundation/Console/Kernel.php(197): Symfony\\Component\\Console\\Application->run()
#35 /home/alunoifpe/eloquent/vendor/laravel/framework/src/Illuminate/Foundation/Application.php(1203): Illuminate\\Foundation\\Console\\Kernel->handle()
#36 /home/alunoifpe/eloquent/artisan(13): Illuminate\\Foundation\\Application->handleCommand()
#37 {main}

[previous exception] [object] (PDOException(code: 0): could not find driver at /home/alunoifpe/eloquent/vendor/laravel/framework/src/Illuminate/Database/Connectors/Connector.php:66)
[stacktrace]
#0 /home/alunoifpe/eloquent/vendor/laravel/framework/src/Illuminate/Database/Connectors/Connector.php(66): PDO->__construct()
#1 /home/alunoifpe/eloquent/vendor/laravel/framework/src/Illuminate/Database/Connectors/Connector.php(44): Illuminate\\Database\\Connectors\\Connector->createPdoConnection()
#2 /home/alunoifpe/eloquent/vendor/laravel/framework/src/Illuminate/Database/Connectors/SQLiteConnector.php(37): Illuminate\\Database\\Connectors\\Connector->createConnection()
#3 /home/alunoifpe/eloquent/vendor/laravel/framework/src/Illuminate/Database/Connectors/ConnectionFactory.php(224): Illuminate\\Database\\Connectors\\SQLiteConnector->connect()
#4 [internal function]: Illuminate\\Database\\Connectors\\ConnectionFactory->Illuminate\\Database\\Connectors\\{closure}()
#5 /home/alunoifpe/eloquent/vendor/laravel/framework/src/Illuminate/Database/Connection.php(1231): call_user_func()
#6 /home/alunoifpe/eloquent/vendor/laravel/framework/src/Illuminate/Database/Connection.php(565): Illuminate\\Database\\Connection->getPdo()
#7 /home/alunoifpe/eloquent/vendor/laravel/framework/src/Illuminate/Database/Connection.php(812): Illuminate\\Database\\Connection->Illuminate\\Database\\{closure}()
#8 /home/alunoifpe/eloquent/vendor/laravel/framework/src/Illuminate/Database/Connection.php(779): Illuminate\\Database\\Connection->runQueryCallback()
#9 /home/alunoifpe/eloquent/vendor/laravel/framework/src/Illuminate/Database/Connection.php(560): Illuminate\\Database\\Connection->run()
#10 /home/alunoifpe/eloquent/vendor/laravel/framework/src/Illuminate/Database/Schema/Builder.php(523): Illuminate\\Database\\Connection->statement()
#11 /home/alunoifpe/eloquent/vendor/laravel/framework/src/Illuminate/Database/SQLiteConnection.php(59): Illuminate\\Database\\Schema\\Builder->enableForeignKeyConstraints()
#12 /home/alunoifpe/eloquent/vendor/laravel/framework/src/Illuminate/Database/SQLiteConnection.php(28): Illuminate\\Database\\SQLiteConnection->configureForeignKeyConstraints()
#13 /home/alunoifpe/eloquent/vendor/laravel/framework/src/Illuminate/Database/Connectors/ConnectionFactory.php(277): Illuminate\\Database\\SQLiteConnection->__construct()
#14 /home/alunoifpe/eloquent/vendor/laravel/framework/src/Illuminate/Database/Connectors/ConnectionFactory.php(76): Illuminate\\Database\\Connectors\\ConnectionFactory->createConnection()
#15 /home/alunoifpe/eloquent/vendor/laravel/framework/src/Illuminate/Database/Connectors/ConnectionFactory.php(51): Illuminate\\Database\\Connectors\\ConnectionFactory->createSingleConnection()
#16 /home/alunoifpe/eloquent/vendor/laravel/framework/src/Illuminate/Database/DatabaseManager.php(167): Illuminate\\Database\\Connectors\\ConnectionFactory->make()
#17 /home/alunoifpe/eloquent/vendor/laravel/framework/src/Illuminate/Database/DatabaseManager.php(93): Illuminate\\Database\\DatabaseManager->makeConnection()
#18 /home/alunoifpe/eloquent/vendor/laravel/framework/src/Illuminate/Cache/CacheManager.php(214): Illuminate\\Database\\DatabaseManager->connection()
#19 /home/alunoifpe/eloquent/vendor/laravel/framework/src/Illuminate/Cache/CacheManager.php(100): Illuminate\\Cache\\CacheManager->createDatabaseDriver()
#20 /home/alunoifpe/eloquent/vendor/laravel/framework/src/Illuminate/Cache/CacheManager.php(61): Illuminate\\Cache\\CacheManager->resolve()
#21 /home/alunoifpe/eloquent/vendor/laravel/framework/src/Illuminate/Cache/CacheManager.php(72): Illuminate\\Cache\\CacheManager->store()
#22 /home/alunoifpe/eloquent/vendor/laravel/framework/src/Illuminate/Cache/CacheServiceProvider.php(23): Illuminate\\Cache\\CacheManager->driver()
#23 /home/alunoifpe/eloquent/vendor/laravel/framework/src/Illuminate/Container/Container.php(931): Illuminate\\Cache\\CacheServiceProvider->Illuminate\\Cache\\{closure}()
#24 /home/alunoifpe/eloquent/vendor/laravel/framework/src/Illuminate/Container/Container.php(815): Illuminate\\Container\\Container->build()
#25 /home/alunoifpe/eloquent/vendor/laravel/framework/src/Illuminate/Foundation/Application.php(1046): Illuminate\\Container\\Container->resolve()
#26 /home/alunoifpe/eloquent/vendor/laravel/framework/src/Illuminate/Container/Container.php(751): Illuminate\\Foundation\\Application->resolve()
#27 /home/alunoifpe/eloquent/vendor/laravel/framework/src/Illuminate/Foundation/Application.php(1028): Illuminate\\Container\\Container->make()
#28 /home/alunoifpe/eloquent/vendor/laravel/framework/src/Illuminate/Container/Container.php(1559): Illuminate\\Foundation\\Application->make()
#29 /home/alunoifpe/eloquent/vendor/laravel/framework/src/Illuminate/Foundation/Providers/ArtisanServiceProvider.php(681): Illuminate\\Container\\Container->offsetGet()
#30 /home/alunoifpe/eloquent/vendor/laravel/framework/src/Illuminate/Container/Container.php(931): Illuminate\\Foundation\\Providers\\ArtisanServiceProvider->Illuminate\\Foundation\\Providers\\{closure}()
#31 /home/alunoifpe/eloquent/vendor/laravel/framework/src/Illuminate/Container/Container.php(815): Illuminate\\Container\\Container->build()
#32 /home/alunoifpe/eloquent/vendor/laravel/framework/src/Illuminate/Foundation/Application.php(1046): Illuminate\\Container\\Container->resolve()
#33 /home/alunoifpe/eloquent/vendor/laravel/framework/src/Illuminate/Container/Container.php(762): Illuminate\\Foundation\\Application->resolve()
#34 /home/alunoifpe/eloquent/vendor/laravel/framework/src/Illuminate/Console/ContainerCommandLoader.php(53): Illuminate\\Container\\Container->get()
#35 /home/alunoifpe/eloquent/vendor/symfony/console/Application.php(584): Illuminate\\Console\\ContainerCommandLoader->get()
#36 /home/alunoifpe/eloquent/vendor/symfony/console/Application.php(774): Symfony\\Component\\Console\\Application->has()
#37 /home/alunoifpe/eloquent/vendor/symfony/console/Application.php(597): Symfony\\Component\\Console\\Application->all()
#38 /home/alunoifpe/eloquent/vendor/symfony/console/Application.php(619): Symfony\\Component\\Console\\Application->getNamespaces()
#39 /home/alunoifpe/eloquent/vendor/symfony/console/Application.php(685): Symfony\\Component\\Console\\Application->findNamespace()
#40 /home/alunoifpe/eloquent/vendor/symfony/console/Application.php(258): Symfony\\Component\\Console\\Application->find()
#41 /home/alunoifpe/eloquent/vendor/symfony/console/Application.php(167): Symfony\\Component\\Console\\Application->doRun()
#42 /home/alunoifpe/eloquent/vendor/laravel/framework/src/Illuminate/Foundation/Console/Kernel.php(197): Symfony\\Component\\Console\\Application->run()
#43 /home/alunoifpe/eloquent/vendor/laravel/framework/src/Illuminate/Foundation/Application.php(1203): Illuminate\\Foundation\\Console\\Kernel->handle()
#44 /home/alunoifpe/eloquent/artisan(13): Illuminate\\Foundation\\Application->handleCommand()
#45 {main}
"} 
[2024-09-04 14:08:39] local.ERROR: SQLSTATE[42S01]: Base table or view already exists: 1050 Table 'authors' already exists (Connection: mysql, SQL: create table `authors` (`id` bigint unsigned not null auto_increment primary key, `name` varchar(255) not null, `birth_date` date null, `created_at` timestamp null, `updated_at` timestamp null) default character set utf8mb4 collate 'utf8mb4_unicode_ci') {"exception":"[object] (Illuminate\\Database\\QueryException(code: 42S01): SQLSTATE[42S01]: Base table or view already exists: 1050 Table 'authors' already exists (Connection: mysql, SQL: create table `authors` (`id` bigint unsigned not null auto_increment primary key, `name` varchar(255) not null, `birth_date` date null, `created_at` timestamp null, `updated_at` timestamp null) default character set utf8mb4 collate 'utf8mb4_unicode_ci') at /home/alunoifpe/eloquent/vendor/laravel/framework/src/Illuminate/Database/Connection.php:825)
[stacktrace]
#0 /home/alunoifpe/eloquent/vendor/laravel/framework/src/Illuminate/Database/Connection.php(779): Illuminate\\Database\\Connection->runQueryCallback()
#1 /home/alunoifpe/eloquent/vendor/laravel/framework/src/Illuminate/Database/Connection.php(560): Illuminate\\Database\\Connection->run()
#2 /home/alunoifpe/eloquent/vendor/laravel/framework/src/Illuminate/Database/Schema/Blueprint.php(117): Illuminate\\Database\\Connection->statement()
#3 /home/alunoifpe/eloquent/vendor/laravel/framework/src/Illuminate/Database/Schema/Builder.php(565): Illuminate\\Database\\Schema\\Blueprint->build()
#4 /home/alunoifpe/eloquent/vendor/laravel/framework/src/Illuminate/Database/Schema/Builder.php(419): Illuminate\\Database\\Schema\\Builder->build()
#5 /home/alunoifpe/eloquent/vendor/laravel/framework/src/Illuminate/Support/Facades/Facade.php(357): Illuminate\\Database\\Schema\\Builder->create()
#6 /home/alunoifpe/eloquent/database/migrations/2024_09_04_140443_create_authors_table.php(11): Illuminate\\Support\\Facades\\Facade::__callStatic()
#7 /home/alunoifpe/eloquent/vendor/laravel/framework/src/Illuminate/Database/Migrations/Migrator.php(475): CreateAuthorsTable->up()
#8 /home/alunoifpe/eloquent/vendor/laravel/framework/src/Illuminate/Database/Migrations/Migrator.php(400): Illuminate\\Database\\Migrations\\Migrator->runMethod()
#9 /home/alunoifpe/eloquent/vendor/laravel/framework/src/Illuminate/Database/Migrations/Migrator.php(409): Illuminate\\Database\\Migrations\\Migrator->Illuminate\\Database\\Migrations\\{closure}()
#10 /home/alunoifpe/eloquent/vendor/laravel/framework/src/Illuminate/Database/Migrations/Migrator.php(212): Illuminate\\Database\\Migrations\\Migrator->runMigration()
#11 /home/alunoifpe/eloquent/vendor/laravel/framework/src/Illuminate/Console/View/Components/Task.php(40): Illuminate\\Database\\Migrations\\Migrator->Illuminate\\Database\\Migrations\\{closure}()
#12 /home/alunoifpe/eloquent/vendor/laravel/framework/src/Illuminate/Database/Migrations/Migrator.php(736): Illuminate\\Console\\View\\Components\\Task->render()
#13 /home/alunoifpe/eloquent/vendor/laravel/framework/src/Illuminate/Database/Migrations/Migrator.php(212): Illuminate\\Database\\Migrations\\Migrator->write()
#14 /home/alunoifpe/eloquent/vendor/laravel/framework/src/Illuminate/Database/Migrations/Migrator.php(179): Illuminate\\Database\\Migrations\\Migrator->runUp()
#15 /home/alunoifpe/eloquent/vendor/laravel/framework/src/Illuminate/Database/Migrations/Migrator.php(122): Illuminate\\Database\\Migrations\\Migrator->runPending()
#16 /home/alunoifpe/eloquent/vendor/laravel/framework/src/Illuminate/Database/Console/Migrations/MigrateCommand.php(116): Illuminate\\Database\\Migrations\\Migrator->run()
#17 /home/alunoifpe/eloquent/vendor/laravel/framework/src/Illuminate/Database/Migrations/Migrator.php(615): Illuminate\\Database\\Console\\Migrations\\MigrateCommand->Illuminate\\Database\\Console\\Migrations\\{closure}()
#18 /home/alunoifpe/eloquent/vendor/laravel/framework/src/Illuminate/Database/Console/Migrations/MigrateCommand.php(109): Illuminate\\Database\\Migrations\\Migrator->usingConnection()
#19 /home/alunoifpe/eloquent/vendor/laravel/framework/src/Illuminate/Database/Console/Migrations/MigrateCommand.php(88): Illuminate\\Database\\Console\\Migrations\\MigrateCommand->runMigrations()
#20 /home/alunoifpe/eloquent/vendor/laravel/framework/src/Illuminate/Container/BoundMethod.php(36): Illuminate\\Database\\Console\\Migrations\\MigrateCommand->handle()
#21 /home/alunoifpe/eloquent/vendor/laravel/framework/src/Illuminate/Container/Util.php(43): Illuminate\\Container\\BoundMethod::Illuminate\\Container\\{closure}()
#22 /home/alunoifpe/eloquent/vendor/laravel/framework/src/Illuminate/Container/BoundMethod.php(95): Illuminate\\Container\\Util::unwrapIfClosure()
#23 /home/alunoifpe/eloquent/vendor/laravel/framework/src/Illuminate/Container/BoundMethod.php(35): Illuminate\\Container\\BoundMethod::callBoundMethod()
#24 /home/alunoifpe/eloquent/vendor/laravel/framework/src/Illuminate/Container/Container.php(690): Illuminate\\Container\\BoundMethod::call()
#25 /home/alunoifpe/eloquent/vendor/laravel/framework/src/Illuminate/Console/Command.php(213): Illuminate\\Container\\Container->call()
#26 /home/alunoifpe/eloquent/vendor/symfony/console/Command/Command.php(279): Illuminate\\Console\\Command->execute()
#27 /home/alunoifpe/eloquent/vendor/laravel/framework/src/Illuminate/Console/Command.php(182): Symfony\\Component\\Console\\Command\\Command->run()
#28 /home/alunoifpe/eloquent/vendor/symfony/console/Application.php(1047): Illuminate\\Console\\Command->run()
#29 /home/alunoifpe/eloquent/vendor/symfony/console/Application.php(316): Symfony\\Component\\Console\\Application->doRunCommand()
#30 /home/alunoifpe/eloquent/vendor/symfony/console/Application.php(167): Symfony\\Component\\Console\\Application->doRun()
#31 /home/alunoifpe/eloquent/vendor/laravel/framework/src/Illuminate/Foundation/Console/Kernel.php(197): Symfony\\Component\\Console\\Application->run()
#32 /home/alunoifpe/eloquent/vendor/laravel/framework/src/Illuminate/Foundation/Application.php(1203): Illuminate\\Foundation\\Console\\Kernel->handle()
#33 /home/alunoifpe/eloquent/artisan(13): Illuminate\\Foundation\\Application->handleCommand()
#34 {main}

[previous exception] [object] (PDOException(code: 42S01): SQLSTATE[42S01]: Base table or view already exists: 1050 Table 'authors' already exists at /home/alunoifpe/eloquent/vendor/laravel/framework/src/Illuminate/Database/Connection.php:571)
[stacktrace]
#0 /home/alunoifpe/eloquent/vendor/laravel/framework/src/Illuminate/Database/Connection.php(571): PDOStatement->execute()
#1 /home/alunoifpe/eloquent/vendor/laravel/framework/src/Illuminate/Database/Connection.php(812): Illuminate\\Database\\Connection->Illuminate\\Database\\{closure}()
#2 /home/alunoifpe/eloquent/vendor/laravel/framework/src/Illuminate/Database/Connection.php(779): Illuminate\\Database\\Connection->runQueryCallback()
#3 /home/alunoifpe/eloquent/vendor/laravel/framework/src/Illuminate/Database/Connection.php(560): Illuminate\\Database\\Connection->run()
#4 /home/alunoifpe/eloquent/vendor/laravel/framework/src/Illuminate/Database/Schema/Blueprint.php(117): Illuminate\\Database\\Connection->statement()
#5 /home/alunoifpe/eloquent/vendor/laravel/framework/src/Illuminate/Database/Schema/Builder.php(565): Illuminate\\Database\\Schema\\Blueprint->build()
#6 /home/alunoifpe/eloquent/vendor/laravel/framework/src/Illuminate/Database/Schema/Builder.php(419): Illuminate\\Database\\Schema\\Builder->build()
#7 /home/alunoifpe/eloquent/vendor/laravel/framework/src/Illuminate/Support/Facades/Facade.php(357): Illuminate\\Database\\Schema\\Builder->create()
#8 /home/alunoifpe/eloquent/database/migrations/2024_09_04_140443_create_authors_table.php(11): Illuminate\\Support\\Facades\\Facade::__callStatic()
#9 /home/alunoifpe/eloquent/vendor/laravel/framework/src/Illuminate/Database/Migrations/Migrator.php(475): CreateAuthorsTable->up()
#10 /home/alunoifpe/eloquent/vendor/laravel/framework/src/Illuminate/Database/Migrations/Migrator.php(400): Illuminate\\Database\\Migrations\\Migrator->runMethod()
#11 /home/alunoifpe/eloquent/vendor/laravel/framework/src/Illuminate/Database/Migrations/Migrator.php(409): Illuminate\\Database\\Migrations\\Migrator->Illuminate\\Database\\Migrations\\{closure}()
#12 /home/alunoifpe/eloquent/vendor/laravel/framework/src/Illuminate/Database/Migrations/Migrator.php(212): Illuminate\\Database\\Migrations\\Migrator->runMigration()
#13 /home/alunoifpe/eloquent/vendor/laravel/framework/src/Illuminate/Console/View/Components/Task.php(40): Illuminate\\Database\\Migrations\\Migrator->Illuminate\\Database\\Migrations\\{closure}()
#14 /home/alunoifpe/eloquent/vendor/laravel/framework/src/Illuminate/Database/Migrations/Migrator.php(736): Illuminate\\Console\\View\\Components\\Task->render()
#15 /home/alunoifpe/eloquent/vendor/laravel/framework/src/Illuminate/Database/Migrations/Migrator.php(212): Illuminate\\Database\\Migrations\\Migrator->write()
#16 /home/alunoifpe/eloquent/vendor/laravel/framework/src/Illuminate/Database/Migrations/Migrator.php(179): Illuminate\\Database\\Migrations\\Migrator->runUp()
#17 /home/alunoifpe/eloquent/vendor/laravel/framework/src/Illuminate/Database/Migrations/Migrator.php(122): Illuminate\\Database\\Migrations\\Migrator->runPending()
#18 /home/alunoifpe/eloquent/vendor/laravel/framework/src/Illuminate/Database/Console/Migrations/MigrateCommand.php(116): Illuminate\\Database\\Migrations\\Migrator->run()
#19 /home/alunoifpe/eloquent/vendor/laravel/framework/src/Illuminate/Database/Migrations/Migrator.php(615): Illuminate\\Database\\Console\\Migrations\\MigrateCommand->Illuminate\\Database\\Console\\Migrations\\{closure}()
#20 /home/alunoifpe/eloquent/vendor/laravel/framework/src/Illuminate/Database/Console/Migrations/MigrateCommand.php(109): Illuminate\\Database\\Migrations\\Migrator->usingConnection()
#21 /home/alunoifpe/eloquent/vendor/laravel/framework/src/Illuminate/Database/Console/Migrations/MigrateCommand.php(88): Illuminate\\Database\\Console\\Migrations\\MigrateCommand->runMigrations()
#22 /home/alunoifpe/eloquent/vendor/laravel/framework/src/Illuminate/Container/BoundMethod.php(36): Illuminate\\Database\\Console\\Migrations\\MigrateCommand->handle()
#23 /home/alunoifpe/eloquent/vendor/laravel/framework/src/Illuminate/Container/Util.php(43): Illuminate\\Container\\BoundMethod::Illuminate\\Container\\{closure}()
#24 /home/alunoifpe/eloquent/vendor/laravel/framework/src/Illuminate/Container/BoundMethod.php(95): Illuminate\\Container\\Util::unwrapIfClosure()
#25 /home/alunoifpe/eloquent/vendor/laravel/framework/src/Illuminate/Container/BoundMethod.php(35): Illuminate\\Container\\BoundMethod::callBoundMethod()
#26 /home/alunoifpe/eloquent/vendor/laravel/framework/src/Illuminate/Container/Container.php(690): Illuminate\\Container\\BoundMethod::call()
#27 /home/alunoifpe/eloquent/vendor/laravel/framework/src/Illuminate/Console/Command.php(213): Illuminate\\Container\\Container->call()
#28 /home/alunoifpe/eloquent/vendor/symfony/console/Command/Command.php(279): Illuminate\\Console\\Command->execute()
#29 /home/alunoifpe/eloquent/vendor/laravel/framework/src/Illuminate/Console/Command.php(182): Symfony\\Component\\Console\\Command\\Command->run()
#30 /home/alunoifpe/eloquent/vendor/symfony/console/Application.php(1047): Illuminate\\Console\\Command->run()
#31 /home/alunoifpe/eloquent/vendor/symfony/console/Application.php(316): Symfony\\Component\\Console\\Application->doRunCommand()
#32 /home/alunoifpe/eloquent/vendor/symfony/console/Application.php(167): Symfony\\Component\\Console\\Application->doRun()
#33 /home/alunoifpe/eloquent/vendor/laravel/framework/src/Illuminate/Foundation/Console/Kernel.php(197): Symfony\\Component\\Console\\Application->run()
#34 /home/alunoifpe/eloquent/vendor/laravel/framework/src/Illuminate/Foundation/Application.php(1203): Illuminate\\Foundation\\Console\\Kernel->handle()
#35 /home/alunoifpe/eloquent/artisan(13): Illuminate\\Foundation\\Application->handleCommand()
#36 {main}
"} 
[2024-09-04 14:08:58] local.ERROR: SQLSTATE[42S01]: Base table or view already exists: 1050 Table 'authors' already exists (Connection: mysql, SQL: create table `authors` (`id` bigint unsigned not null auto_increment primary key, `name` varchar(255) not null, `birth_date` date null, `created_at` timestamp null, `updated_at` timestamp null) default character set utf8mb4 collate 'utf8mb4_unicode_ci') {"exception":"[object] (Illuminate\\Database\\QueryException(code: 42S01): SQLSTATE[42S01]: Base table or view already exists: 1050 Table 'authors' already exists (Connection: mysql, SQL: create table `authors` (`id` bigint unsigned not null auto_increment primary key, `name` varchar(255) not null, `birth_date` date null, `created_at` timestamp null, `updated_at` timestamp null) default character set utf8mb4 collate 'utf8mb4_unicode_ci') at /home/alunoifpe/eloquent/vendor/laravel/framework/src/Illuminate/Database/Connection.php:825)
[stacktrace]
#0 /home/alunoifpe/eloquent/vendor/laravel/framework/src/Illuminate/Database/Connection.php(779): Illuminate\\Database\\Connection->runQueryCallback()
#1 /home/alunoifpe/eloquent/vendor/laravel/framework/src/Illuminate/Database/Connection.php(560): Illuminate\\Database\\Connection->run()
#2 /home/alunoifpe/eloquent/vendor/laravel/framework/src/Illuminate/Database/Schema/Blueprint.php(117): Illuminate\\Database\\Connection->statement()
#3 /home/alunoifpe/eloquent/vendor/laravel/framework/src/Illuminate/Database/Schema/Builder.php(565): Illuminate\\Database\\Schema\\Blueprint->build()
#4 /home/alunoifpe/eloquent/vendor/laravel/framework/src/Illuminate/Database/Schema/Builder.php(419): Illuminate\\Database\\Schema\\Builder->build()
#5 /home/alunoifpe/eloquent/vendor/laravel/framework/src/Illuminate/Support/Facades/Facade.php(357): Illuminate\\Database\\Schema\\Builder->create()
#6 /home/alunoifpe/eloquent/database/migrations/2024_09_04_140443_create_authors_table.php(11): Illuminate\\Support\\Facades\\Facade::__callStatic()
#7 /home/alunoifpe/eloquent/vendor/laravel/framework/src/Illuminate/Database/Migrations/Migrator.php(475): CreateAuthorsTable->up()
#8 /home/alunoifpe/eloquent/vendor/laravel/framework/src/Illuminate/Database/Migrations/Migrator.php(400): Illuminate\\Database\\Migrations\\Migrator->runMethod()
#9 /home/alunoifpe/eloquent/vendor/laravel/framework/src/Illuminate/Database/Migrations/Migrator.php(409): Illuminate\\Database\\Migrations\\Migrator->Illuminate\\Database\\Migrations\\{closure}()
#10 /home/alunoifpe/eloquent/vendor/laravel/framework/src/Illuminate/Database/Migrations/Migrator.php(212): Illuminate\\Database\\Migrations\\Migrator->runMigration()
#11 /home/alunoifpe/eloquent/vendor/laravel/framework/src/Illuminate/Console/View/Components/Task.php(40): Illuminate\\Database\\Migrations\\Migrator->Illuminate\\Database\\Migrations\\{closure}()
#12 /home/alunoifpe/eloquent/vendor/laravel/framework/src/Illuminate/Database/Migrations/Migrator.php(736): Illuminate\\Console\\View\\Components\\Task->render()
#13 /home/alunoifpe/eloquent/vendor/laravel/framework/src/Illuminate/Database/Migrations/Migrator.php(212): Illuminate\\Database\\Migrations\\Migrator->write()
#14 /home/alunoifpe/eloquent/vendor/laravel/framework/src/Illuminate/Database/Migrations/Migrator.php(179): Illuminate\\Database\\Migrations\\Migrator->runUp()
#15 /home/alunoifpe/eloquent/vendor/laravel/framework/src/Illuminate/Database/Migrations/Migrator.php(122): Illuminate\\Database\\Migrations\\Migrator->runPending()
#16 /home/alunoifpe/eloquent/vendor/laravel/framework/src/Illuminate/Database/Console/Migrations/MigrateCommand.php(116): Illuminate\\Database\\Migrations\\Migrator->run()
#17 /home/alunoifpe/eloquent/vendor/laravel/framework/src/Illuminate/Database/Migrations/Migrator.php(615): Illuminate\\Database\\Console\\Migrations\\MigrateCommand->Illuminate\\Database\\Console\\Migrations\\{closure}()
#18 /home/alunoifpe/eloquent/vendor/laravel/framework/src/Illuminate/Database/Console/Migrations/MigrateCommand.php(109): Illuminate\\Database\\Migrations\\Migrator->usingConnection()
#19 /home/alunoifpe/eloquent/vendor/laravel/framework/src/Illuminate/Database/Console/Migrations/MigrateCommand.php(88): Illuminate\\Database\\Console\\Migrations\\MigrateCommand->runMigrations()
#20 /home/alunoifpe/eloquent/vendor/laravel/framework/src/Illuminate/Container/BoundMethod.php(36): Illuminate\\Database\\Console\\Migrations\\MigrateCommand->handle()
#21 /home/alunoifpe/eloquent/vendor/laravel/framework/src/Illuminate/Container/Util.php(43): Illuminate\\Container\\BoundMethod::Illuminate\\Container\\{closure}()
#22 /home/alunoifpe/eloquent/vendor/laravel/framework/src/Illuminate/Container/BoundMethod.php(95): Illuminate\\Container\\Util::unwrapIfClosure()
#23 /home/alunoifpe/eloquent/vendor/laravel/framework/src/Illuminate/Container/BoundMethod.php(35): Illuminate\\Container\\BoundMethod::callBoundMethod()
#24 /home/alunoifpe/eloquent/vendor/laravel/framework/src/Illuminate/Container/Container.php(690): Illuminate\\Container\\BoundMethod::call()
#25 /home/alunoifpe/eloquent/vendor/laravel/framework/src/Illuminate/Console/Command.php(213): Illuminate\\Container\\Container->call()
#26 /home/alunoifpe/eloquent/vendor/symfony/console/Command/Command.php(279): Illuminate\\Console\\Command->execute()
#27 /home/alunoifpe/eloquent/vendor/laravel/framework/src/Illuminate/Console/Command.php(182): Symfony\\Component\\Console\\Command\\Command->run()
#28 /home/alunoifpe/eloquent/vendor/symfony/console/Application.php(1047): Illuminate\\Console\\Command->run()
#29 /home/alunoifpe/eloquent/vendor/symfony/console/Application.php(316): Symfony\\Component\\Console\\Application->doRunCommand()
#30 /home/alunoifpe/eloquent/vendor/symfony/console/Application.php(167): Symfony\\Component\\Console\\Application->doRun()
#31 /home/alunoifpe/eloquent/vendor/laravel/framework/src/Illuminate/Foundation/Console/Kernel.php(197): Symfony\\Component\\Console\\Application->run()
#32 /home/alunoifpe/eloquent/vendor/laravel/framework/src/Illuminate/Foundation/Application.php(1203): Illuminate\\Foundation\\Console\\Kernel->handle()
#33 /home/alunoifpe/eloquent/artisan(13): Illuminate\\Foundation\\Application->handleCommand()
#34 {main}

[previous exception] [object] (PDOException(code: 42S01): SQLSTATE[42S01]: Base table or view already exists: 1050 Table 'authors' already exists at /home/alunoifpe/eloquent/vendor/laravel/framework/src/Illuminate/Database/Connection.php:571)
[stacktrace]
#0 /home/alunoifpe/eloquent/vendor/laravel/framework/src/Illuminate/Database/Connection.php(571): PDOStatement->execute()
#1 /home/alunoifpe/eloquent/vendor/laravel/framework/src/Illuminate/Database/Connection.php(812): Illuminate\\Database\\Connection->Illuminate\\Database\\{closure}()
#2 /home/alunoifpe/eloquent/vendor/laravel/framework/src/Illuminate/Database/Connection.php(779): Illuminate\\Database\\Connection->runQueryCallback()
#3 /home/alunoifpe/eloquent/vendor/laravel/framework/src/Illuminate/Database/Connection.php(560): Illuminate\\Database\\Connection->run()
#4 /home/alunoifpe/eloquent/vendor/laravel/framework/src/Illuminate/Database/Schema/Blueprint.php(117): Illuminate\\Database\\Connection->statement()
#5 /home/alunoifpe/eloquent/vendor/laravel/framework/src/Illuminate/Database/Schema/Builder.php(565): Illuminate\\Database\\Schema\\Blueprint->build()
#6 /home/alunoifpe/eloquent/vendor/laravel/framework/src/Illuminate/Database/Schema/Builder.php(419): Illuminate\\Database\\Schema\\Builder->build()
#7 /home/alunoifpe/eloquent/vendor/laravel/framework/src/Illuminate/Support/Facades/Facade.php(357): Illuminate\\Database\\Schema\\Builder->create()
#8 /home/alunoifpe/eloquent/database/migrations/2024_09_04_140443_create_authors_table.php(11): Illuminate\\Support\\Facades\\Facade::__callStatic()
#9 /home/alunoifpe/eloquent/vendor/laravel/framework/src/Illuminate/Database/Migrations/Migrator.php(475): CreateAuthorsTable->up()
#10 /home/alunoifpe/eloquent/vendor/laravel/framework/src/Illuminate/Database/Migrations/Migrator.php(400): Illuminate\\Database\\Migrations\\Migrator->runMethod()
#11 /home/alunoifpe/eloquent/vendor/laravel/framework/src/Illuminate/Database/Migrations/Migrator.php(409): Illuminate\\Database\\Migrations\\Migrator->Illuminate\\Database\\Migrations\\{closure}()
#12 /home/alunoifpe/eloquent/vendor/laravel/framework/src/Illuminate/Database/Migrations/Migrator.php(212): Illuminate\\Database\\Migrations\\Migrator->runMigration()
#13 /home/alunoifpe/eloquent/vendor/laravel/framework/src/Illuminate/Console/View/Components/Task.php(40): Illuminate\\Database\\Migrations\\Migrator->Illuminate\\Database\\Migrations\\{closure}()
#14 /home/alunoifpe/eloquent/vendor/laravel/framework/src/Illuminate/Database/Migrations/Migrator.php(736): Illuminate\\Console\\View\\Components\\Task->render()
#15 /home/alunoifpe/eloquent/vendor/laravel/framework/src/Illuminate/Database/Migrations/Migrator.php(212): Illuminate\\Database\\Migrations\\Migrator->write()
#16 /home/alunoifpe/eloquent/vendor/laravel/framework/src/Illuminate/Database/Migrations/Migrator.php(179): Illuminate\\Database\\Migrations\\Migrator->runUp()
#17 /home/alunoifpe/eloquent/vendor/laravel/framework/src/Illuminate/Database/Migrations/Migrator.php(122): Illuminate\\Database\\Migrations\\Migrator->runPending()
#18 /home/alunoifpe/eloquent/vendor/laravel/framework/src/Illuminate/Database/Console/Migrations/MigrateCommand.php(116): Illuminate\\Database\\Migrations\\Migrator->run()
#19 /home/alunoifpe/eloquent/vendor/laravel/framework/src/Illuminate/Database/Migrations/Migrator.php(615): Illuminate\\Database\\Console\\Migrations\\MigrateCommand->Illuminate\\Database\\Console\\Migrations\\{closure}()
#20 /home/alunoifpe/eloquent/vendor/laravel/framework/src/Illuminate/Database/Console/Migrations/MigrateCommand.php(109): Illuminate\\Database\\Migrations\\Migrator->usingConnection()
#21 /home/alunoifpe/eloquent/vendor/laravel/framework/src/Illuminate/Database/Console/Migrations/MigrateCommand.php(88): Illuminate\\Database\\Console\\Migrations\\MigrateCommand->runMigrations()
#22 /home/alunoifpe/eloquent/vendor/laravel/framework/src/Illuminate/Container/BoundMethod.php(36): Illuminate\\Database\\Console\\Migrations\\MigrateCommand->handle()
#23 /home/alunoifpe/eloquent/vendor/laravel/framework/src/Illuminate/Container/Util.php(43): Illuminate\\Container\\BoundMethod::Illuminate\\Container\\{closure}()
#24 /home/alunoifpe/eloquent/vendor/laravel/framework/src/Illuminate/Container/BoundMethod.php(95): Illuminate\\Container\\Util::unwrapIfClosure()
#25 /home/alunoifpe/eloquent/vendor/laravel/framework/src/Illuminate/Container/BoundMethod.php(35): Illuminate\\Container\\BoundMethod::callBoundMethod()
#26 /home/alunoifpe/eloquent/vendor/laravel/framework/src/Illuminate/Container/Container.php(690): Illuminate\\Container\\BoundMethod::call()
#27 /home/alunoifpe/eloquent/vendor/laravel/framework/src/Illuminate/Console/Command.php(213): Illuminate\\Container\\Container->call()
#28 /home/alunoifpe/eloquent/vendor/symfony/console/Command/Command.php(279): Illuminate\\Console\\Command->execute()
#29 /home/alunoifpe/eloquent/vendor/laravel/framework/src/Illuminate/Console/Command.php(182): Symfony\\Component\\Console\\Command\\Command->run()
#30 /home/alunoifpe/eloquent/vendor/symfony/console/Application.php(1047): Illuminate\\Console\\Command->run()
#31 /home/alunoifpe/eloquent/vendor/symfony/console/Application.php(316): Symfony\\Component\\Console\\Application->doRunCommand()
#32 /home/alunoifpe/eloquent/vendor/symfony/console/Application.php(167): Symfony\\Component\\Console\\Application->doRun()
#33 /home/alunoifpe/eloquent/vendor/laravel/framework/src/Illuminate/Foundation/Console/Kernel.php(197): Symfony\\Component\\Console\\Application->run()
#34 /home/alunoifpe/eloquent/vendor/laravel/framework/src/Illuminate/Foundation/Application.php(1203): Illuminate\\Foundation\\Console\\Kernel->handle()
#35 /home/alunoifpe/eloquent/artisan(13): Illuminate\\Foundation\\Application->handleCommand()
#36 {main}
"} 
[2024-09-04 14:10:07] local.ERROR: SQLSTATE[42S01]: Base table or view already exists: 1050 Table 'authors' already exists (Connection: mysql, SQL: create table `authors` (`id` bigint unsigned not null auto_increment primary key, `name` varchar(255) not null, `birth_date` date null, `created_at` timestamp null, `updated_at` timestamp null) default character set utf8mb4 collate 'utf8mb4_unicode_ci') {"exception":"[object] (Illuminate\\Database\\QueryException(code: 42S01): SQLSTATE[42S01]: Base table or view already exists: 1050 Table 'authors' already exists (Connection: mysql, SQL: create table `authors` (`id` bigint unsigned not null auto_increment primary key, `name` varchar(255) not null, `birth_date` date null, `created_at` timestamp null, `updated_at` timestamp null) default character set utf8mb4 collate 'utf8mb4_unicode_ci') at /home/alunoifpe/eloquent/vendor/laravel/framework/src/Illuminate/Database/Connection.php:825)
[stacktrace]
#0 /home/alunoifpe/eloquent/vendor/laravel/framework/src/Illuminate/Database/Connection.php(779): Illuminate\\Database\\Connection->runQueryCallback()
#1 /home/alunoifpe/eloquent/vendor/laravel/framework/src/Illuminate/Database/Connection.php(560): Illuminate\\Database\\Connection->run()
#2 /home/alunoifpe/eloquent/vendor/laravel/framework/src/Illuminate/Database/Schema/Blueprint.php(117): Illuminate\\Database\\Connection->statement()
#3 /home/alunoifpe/eloquent/vendor/laravel/framework/src/Illuminate/Database/Schema/Builder.php(565): Illuminate\\Database\\Schema\\Blueprint->build()
#4 /home/alunoifpe/eloquent/vendor/laravel/framework/src/Illuminate/Database/Schema/Builder.php(419): Illuminate\\Database\\Schema\\Builder->build()
#5 /home/alunoifpe/eloquent/vendor/laravel/framework/src/Illuminate/Support/Facades/Facade.php(357): Illuminate\\Database\\Schema\\Builder->create()
#6 /home/alunoifpe/eloquent/database/migrations/2024_09_04_140443_create_authors_table.php(11): Illuminate\\Support\\Facades\\Facade::__callStatic()
#7 /home/alunoifpe/eloquent/vendor/laravel/framework/src/Illuminate/Database/Migrations/Migrator.php(475): CreateAuthorsTable->up()
#8 /home/alunoifpe/eloquent/vendor/laravel/framework/src/Illuminate/Database/Migrations/Migrator.php(400): Illuminate\\Database\\Migrations\\Migrator->runMethod()
#9 /home/alunoifpe/eloquent/vendor/laravel/framework/src/Illuminate/Database/Migrations/Migrator.php(409): Illuminate\\Database\\Migrations\\Migrator->Illuminate\\Database\\Migrations\\{closure}()
#10 /home/alunoifpe/eloquent/vendor/laravel/framework/src/Illuminate/Database/Migrations/Migrator.php(212): Illuminate\\Database\\Migrations\\Migrator->runMigration()
#11 /home/alunoifpe/eloquent/vendor/laravel/framework/src/Illuminate/Console/View/Components/Task.php(40): Illuminate\\Database\\Migrations\\Migrator->Illuminate\\Database\\Migrations\\{closure}()
#12 /home/alunoifpe/eloquent/vendor/laravel/framework/src/Illuminate/Database/Migrations/Migrator.php(736): Illuminate\\Console\\View\\Components\\Task->render()
#13 /home/alunoifpe/eloquent/vendor/laravel/framework/src/Illuminate/Database/Migrations/Migrator.php(212): Illuminate\\Database\\Migrations\\Migrator->write()
#14 /home/alunoifpe/eloquent/vendor/laravel/framework/src/Illuminate/Database/Migrations/Migrator.php(179): Illuminate\\Database\\Migrations\\Migrator->runUp()
#15 /home/alunoifpe/eloquent/vendor/laravel/framework/src/Illuminate/Database/Migrations/Migrator.php(122): Illuminate\\Database\\Migrations\\Migrator->runPending()
#16 /home/alunoifpe/eloquent/vendor/laravel/framework/src/Illuminate/Database/Console/Migrations/MigrateCommand.php(116): Illuminate\\Database\\Migrations\\Migrator->run()
#17 /home/alunoifpe/eloquent/vendor/laravel/framework/src/Illuminate/Database/Migrations/Migrator.php(615): Illuminate\\Database\\Console\\Migrations\\MigrateCommand->Illuminate\\Database\\Console\\Migrations\\{closure}()
#18 /home/alunoifpe/eloquent/vendor/laravel/framework/src/Illuminate/Database/Console/Migrations/MigrateCommand.php(109): Illuminate\\Database\\Migrations\\Migrator->usingConnection()
#19 /home/alunoifpe/eloquent/vendor/laravel/framework/src/Illuminate/Database/Console/Migrations/MigrateCommand.php(88): Illuminate\\Database\\Console\\Migrations\\MigrateCommand->runMigrations()
#20 /home/alunoifpe/eloquent/vendor/laravel/framework/src/Illuminate/Container/BoundMethod.php(36): Illuminate\\Database\\Console\\Migrations\\MigrateCommand->handle()
#21 /home/alunoifpe/eloquent/vendor/laravel/framework/src/Illuminate/Container/Util.php(43): Illuminate\\Container\\BoundMethod::Illuminate\\Container\\{closure}()
#22 /home/alunoifpe/eloquent/vendor/laravel/framework/src/Illuminate/Container/BoundMethod.php(95): Illuminate\\Container\\Util::unwrapIfClosure()
#23 /home/alunoifpe/eloquent/vendor/laravel/framework/src/Illuminate/Container/BoundMethod.php(35): Illuminate\\Container\\BoundMethod::callBoundMethod()
#24 /home/alunoifpe/eloquent/vendor/laravel/framework/src/Illuminate/Container/Container.php(690): Illuminate\\Container\\BoundMethod::call()
#25 /home/alunoifpe/eloquent/vendor/laravel/framework/src/Illuminate/Console/Command.php(213): Illuminate\\Container\\Container->call()
#26 /home/alunoifpe/eloquent/vendor/symfony/console/Command/Command.php(279): Illuminate\\Console\\Command->execute()
#27 /home/alunoifpe/eloquent/vendor/laravel/framework/src/Illuminate/Console/Command.php(182): Symfony\\Component\\Console\\Command\\Command->run()
#28 /home/alunoifpe/eloquent/vendor/symfony/console/Application.php(1047): Illuminate\\Console\\Command->run()
#29 /home/alunoifpe/eloquent/vendor/symfony/console/Application.php(316): Symfony\\Component\\Console\\Application->doRunCommand()
#30 /home/alunoifpe/eloquent/vendor/symfony/console/Application.php(167): Symfony\\Component\\Console\\Application->doRun()
#31 /home/alunoifpe/eloquent/vendor/laravel/framework/src/Illuminate/Foundation/Console/Kernel.php(197): Symfony\\Component\\Console\\Application->run()
#32 /home/alunoifpe/eloquent/vendor/laravel/framework/src/Illuminate/Foundation/Application.php(1203): Illuminate\\Foundation\\Console\\Kernel->handle()
#33 /home/alunoifpe/eloquent/artisan(13): Illuminate\\Foundation\\Application->handleCommand()
#34 {main}

[previous exception] [object] (PDOException(code: 42S01): SQLSTATE[42S01]: Base table or view already exists: 1050 Table 'authors' already exists at /home/alunoifpe/eloquent/vendor/laravel/framework/src/Illuminate/Database/Connection.php:571)
[stacktrace]
#0 /home/alunoifpe/eloquent/vendor/laravel/framework/src/Illuminate/Database/Connection.php(571): PDOStatement->execute()
#1 /home/alunoifpe/eloquent/vendor/laravel/framework/src/Illuminate/Database/Connection.php(812): Illuminate\\Database\\Connection->Illuminate\\Database\\{closure}()
#2 /home/alunoifpe/eloquent/vendor/laravel/framework/src/Illuminate/Database/Connection.php(779): Illuminate\\Database\\Connection->runQueryCallback()
#3 /home/alunoifpe/eloquent/vendor/laravel/framework/src/Illuminate/Database/Connection.php(560): Illuminate\\Database\\Connection->run()
#4 /home/alunoifpe/eloquent/vendor/laravel/framework/src/Illuminate/Database/Schema/Blueprint.php(117): Illuminate\\Database\\Connection->statement()
#5 /home/alunoifpe/eloquent/vendor/laravel/framework/src/Illuminate/Database/Schema/Builder.php(565): Illuminate\\Database\\Schema\\Blueprint->build()
#6 /home/alunoifpe/eloquent/vendor/laravel/framework/src/Illuminate/Database/Schema/Builder.php(419): Illuminate\\Database\\Schema\\Builder->build()
#7 /home/alunoifpe/eloquent/vendor/laravel/framework/src/Illuminate/Support/Facades/Facade.php(357): Illuminate\\Database\\Schema\\Builder->create()
#8 /home/alunoifpe/eloquent/database/migrations/2024_09_04_140443_create_authors_table.php(11): Illuminate\\Support\\Facades\\Facade::__callStatic()
#9 /home/alunoifpe/eloquent/vendor/laravel/framework/src/Illuminate/Database/Migrations/Migrator.php(475): CreateAuthorsTable->up()
#10 /home/alunoifpe/eloquent/vendor/laravel/framework/src/Illuminate/Database/Migrations/Migrator.php(400): Illuminate\\Database\\Migrations\\Migrator->runMethod()
#11 /home/alunoifpe/eloquent/vendor/laravel/framework/src/Illuminate/Database/Migrations/Migrator.php(409): Illuminate\\Database\\Migrations\\Migrator->Illuminate\\Database\\Migrations\\{closure}()
#12 /home/alunoifpe/eloquent/vendor/laravel/framework/src/Illuminate/Database/Migrations/Migrator.php(212): Illuminate\\Database\\Migrations\\Migrator->runMigration()
#13 /home/alunoifpe/eloquent/vendor/laravel/framework/src/Illuminate/Console/View/Components/Task.php(40): Illuminate\\Database\\Migrations\\Migrator->Illuminate\\Database\\Migrations\\{closure}()
#14 /home/alunoifpe/eloquent/vendor/laravel/framework/src/Illuminate/Database/Migrations/Migrator.php(736): Illuminate\\Console\\View\\Components\\Task->render()
#15 /home/alunoifpe/eloquent/vendor/laravel/framework/src/Illuminate/Database/Migrations/Migrator.php(212): Illuminate\\Database\\Migrations\\Migrator->write()
#16 /home/alunoifpe/eloquent/vendor/laravel/framework/src/Illuminate/Database/Migrations/Migrator.php(179): Illuminate\\Database\\Migrations\\Migrator->runUp()
#17 /home/alunoifpe/eloquent/vendor/laravel/framework/src/Illuminate/Database/Migrations/Migrator.php(122): Illuminate\\Database\\Migrations\\Migrator->runPending()
#18 /home/alunoifpe/eloquent/vendor/laravel/framework/src/Illuminate/Database/Console/Migrations/MigrateCommand.php(116): Illuminate\\Database\\Migrations\\Migrator->run()
#19 /home/alunoifpe/eloquent/vendor/laravel/framework/src/Illuminate/Database/Migrations/Migrator.php(615): Illuminate\\Database\\Console\\Migrations\\MigrateCommand->Illuminate\\Database\\Console\\Migrations\\{closure}()
#20 /home/alunoifpe/eloquent/vendor/laravel/framework/src/Illuminate/Database/Console/Migrations/MigrateCommand.php(109): Illuminate\\Database\\Migrations\\Migrator->usingConnection()
#21 /home/alunoifpe/eloquent/vendor/laravel/framework/src/Illuminate/Database/Console/Migrations/MigrateCommand.php(88): Illuminate\\Database\\Console\\Migrations\\MigrateCommand->runMigrations()
#22 /home/alunoifpe/eloquent/vendor/laravel/framework/src/Illuminate/Container/BoundMethod.php(36): Illuminate\\Database\\Console\\Migrations\\MigrateCommand->handle()
#23 /home/alunoifpe/eloquent/vendor/laravel/framework/src/Illuminate/Container/Util.php(43): Illuminate\\Container\\BoundMethod::Illuminate\\Container\\{closure}()
#24 /home/alunoifpe/eloquent/vendor/laravel/framework/src/Illuminate/Container/BoundMethod.php(95): Illuminate\\Container\\Util::unwrapIfClosure()
#25 /home/alunoifpe/eloquent/vendor/laravel/framework/src/Illuminate/Container/BoundMethod.php(35): Illuminate\\Container\\BoundMethod::callBoundMethod()
#26 /home/alunoifpe/eloquent/vendor/laravel/framework/src/Illuminate/Container/Container.php(690): Illuminate\\Container\\BoundMethod::call()
#27 /home/alunoifpe/eloquent/vendor/laravel/framework/src/Illuminate/Console/Command.php(213): Illuminate\\Container\\Container->call()
#28 /home/alunoifpe/eloquent/vendor/symfony/console/Command/Command.php(279): Illuminate\\Console\\Command->execute()
#29 /home/alunoifpe/eloquent/vendor/laravel/framework/src/Illuminate/Console/Command.php(182): Symfony\\Component\\Console\\Command\\Command->run()
#30 /home/alunoifpe/eloquent/vendor/symfony/console/Application.php(1047): Illuminate\\Console\\Command->run()
#31 /home/alunoifpe/eloquent/vendor/symfony/console/Application.php(316): Symfony\\Component\\Console\\Application->doRunCommand()
#32 /home/alunoifpe/eloquent/vendor/symfony/console/Application.php(167): Symfony\\Component\\Console\\Application->doRun()
#33 /home/alunoifpe/eloquent/vendor/laravel/framework/src/Illuminate/Foundation/Console/Kernel.php(197): Symfony\\Component\\Console\\Application->run()
#34 /home/alunoifpe/eloquent/vendor/laravel/framework/src/Illuminate/Foundation/Application.php(1203): Illuminate\\Foundation\\Console\\Kernel->handle()
#35 /home/alunoifpe/eloquent/artisan(13): Illuminate\\Foundation\\Application->handleCommand()
#36 {main}
"} 
[2024-09-04 14:11:20] local.ERROR: SQLSTATE[42S01]: Base table or view already exists: 1050 Table 'authors' already exists (Connection: mysql, SQL: create table `authors` (`id` bigint unsigned not null auto_increment primary key, `name` varchar(255) not null, `birth_date` date null, `created_at` timestamp null, `updated_at` timestamp null) default character set utf8mb4 collate 'utf8mb4_unicode_ci') {"exception":"[object] (Illuminate\\Database\\QueryException(code: 42S01): SQLSTATE[42S01]: Base table or view already exists: 1050 Table 'authors' already exists (Connection: mysql, SQL: create table `authors` (`id` bigint unsigned not null auto_increment primary key, `name` varchar(255) not null, `birth_date` date null, `created_at` timestamp null, `updated_at` timestamp null) default character set utf8mb4 collate 'utf8mb4_unicode_ci') at /home/alunoifpe/eloquent/vendor/laravel/framework/src/Illuminate/Database/Connection.php:825)
[stacktrace]
#0 /home/alunoifpe/eloquent/vendor/laravel/framework/src/Illuminate/Database/Connection.php(779): Illuminate\\Database\\Connection->runQueryCallback()
#1 /home/alunoifpe/eloquent/vendor/laravel/framework/src/Illuminate/Database/Connection.php(560): Illuminate\\Database\\Connection->run()
#2 /home/alunoifpe/eloquent/vendor/laravel/framework/src/Illuminate/Database/Schema/Blueprint.php(117): Illuminate\\Database\\Connection->statement()
#3 /home/alunoifpe/eloquent/vendor/laravel/framework/src/Illuminate/Database/Schema/Builder.php(565): Illuminate\\Database\\Schema\\Blueprint->build()
#4 /home/alunoifpe/eloquent/vendor/laravel/framework/src/Illuminate/Database/Schema/Builder.php(419): Illuminate\\Database\\Schema\\Builder->build()
#5 /home/alunoifpe/eloquent/vendor/laravel/framework/src/Illuminate/Support/Facades/Facade.php(357): Illuminate\\Database\\Schema\\Builder->create()
#6 /home/alunoifpe/eloquent/database/migrations/2024_09_04_140443_create_authors_table.php(11): Illuminate\\Support\\Facades\\Facade::__callStatic()
#7 /home/alunoifpe/eloquent/vendor/laravel/framework/src/Illuminate/Database/Migrations/Migrator.php(475): CreateAuthorsTable->up()
#8 /home/alunoifpe/eloquent/vendor/laravel/framework/src/Illuminate/Database/Migrations/Migrator.php(400): Illuminate\\Database\\Migrations\\Migrator->runMethod()
#9 /home/alunoifpe/eloquent/vendor/laravel/framework/src/Illuminate/Database/Migrations/Migrator.php(409): Illuminate\\Database\\Migrations\\Migrator->Illuminate\\Database\\Migrations\\{closure}()
#10 /home/alunoifpe/eloquent/vendor/laravel/framework/src/Illuminate/Database/Migrations/Migrator.php(212): Illuminate\\Database\\Migrations\\Migrator->runMigration()
#11 /home/alunoifpe/eloquent/vendor/laravel/framework/src/Illuminate/Console/View/Components/Task.php(40): Illuminate\\Database\\Migrations\\Migrator->Illuminate\\Database\\Migrations\\{closure}()
#12 /home/alunoifpe/eloquent/vendor/laravel/framework/src/Illuminate/Database/Migrations/Migrator.php(736): Illuminate\\Console\\View\\Components\\Task->render()
#13 /home/alunoifpe/eloquent/vendor/laravel/framework/src/Illuminate/Database/Migrations/Migrator.php(212): Illuminate\\Database\\Migrations\\Migrator->write()
#14 /home/alunoifpe/eloquent/vendor/laravel/framework/src/Illuminate/Database/Migrations/Migrator.php(179): Illuminate\\Database\\Migrations\\Migrator->runUp()
#15 /home/alunoifpe/eloquent/vendor/laravel/framework/src/Illuminate/Database/Migrations/Migrator.php(122): Illuminate\\Database\\Migrations\\Migrator->runPending()
#16 /home/alunoifpe/eloquent/vendor/laravel/framework/src/Illuminate/Database/Console/Migrations/MigrateCommand.php(116): Illuminate\\Database\\Migrations\\Migrator->run()
#17 /home/alunoifpe/eloquent/vendor/laravel/framework/src/Illuminate/Database/Migrations/Migrator.php(615): Illuminate\\Database\\Console\\Migrations\\MigrateCommand->Illuminate\\Database\\Console\\Migrations\\{closure}()
#18 /home/alunoifpe/eloquent/vendor/laravel/framework/src/Illuminate/Database/Console/Migrations/MigrateCommand.php(109): Illuminate\\Database\\Migrations\\Migrator->usingConnection()
#19 /home/alunoifpe/eloquent/vendor/laravel/framework/src/Illuminate/Database/Console/Migrations/MigrateCommand.php(88): Illuminate\\Database\\Console\\Migrations\\MigrateCommand->runMigrations()
#20 /home/alunoifpe/eloquent/vendor/laravel/framework/src/Illuminate/Container/BoundMethod.php(36): Illuminate\\Database\\Console\\Migrations\\MigrateCommand->handle()
#21 /home/alunoifpe/eloquent/vendor/laravel/framework/src/Illuminate/Container/Util.php(43): Illuminate\\Container\\BoundMethod::Illuminate\\Container\\{closure}()
#22 /home/alunoifpe/eloquent/vendor/laravel/framework/src/Illuminate/Container/BoundMethod.php(95): Illuminate\\Container\\Util::unwrapIfClosure()
#23 /home/alunoifpe/eloquent/vendor/laravel/framework/src/Illuminate/Container/BoundMethod.php(35): Illuminate\\Container\\BoundMethod::callBoundMethod()
#24 /home/alunoifpe/eloquent/vendor/laravel/framework/src/Illuminate/Container/Container.php(690): Illuminate\\Container\\BoundMethod::call()
#25 /home/alunoifpe/eloquent/vendor/laravel/framework/src/Illuminate/Console/Command.php(213): Illuminate\\Container\\Container->call()
#26 /home/alunoifpe/eloquent/vendor/symfony/console/Command/Command.php(279): Illuminate\\Console\\Command->execute()
#27 /home/alunoifpe/eloquent/vendor/laravel/framework/src/Illuminate/Console/Command.php(182): Symfony\\Component\\Console\\Command\\Command->run()
#28 /home/alunoifpe/eloquent/vendor/symfony/console/Application.php(1047): Illuminate\\Console\\Command->run()
#29 /home/alunoifpe/eloquent/vendor/symfony/console/Application.php(316): Symfony\\Component\\Console\\Application->doRunCommand()
#30 /home/alunoifpe/eloquent/vendor/symfony/console/Application.php(167): Symfony\\Component\\Console\\Application->doRun()
#31 /home/alunoifpe/eloquent/vendor/laravel/framework/src/Illuminate/Foundation/Console/Kernel.php(197): Symfony\\Component\\Console\\Application->run()
#32 /home/alunoifpe/eloquent/vendor/laravel/framework/src/Illuminate/Foundation/Application.php(1203): Illuminate\\Foundation\\Console\\Kernel->handle()
#33 /home/alunoifpe/eloquent/artisan(13): Illuminate\\Foundation\\Application->handleCommand()
#34 {main}

[previous exception] [object] (PDOException(code: 42S01): SQLSTATE[42S01]: Base table or view already exists: 1050 Table 'authors' already exists at /home/alunoifpe/eloquent/vendor/laravel/framework/src/Illuminate/Database/Connection.php:571)
[stacktrace]
#0 /home/alunoifpe/eloquent/vendor/laravel/framework/src/Illuminate/Database/Connection.php(571): PDOStatement->execute()
#1 /home/alunoifpe/eloquent/vendor/laravel/framework/src/Illuminate/Database/Connection.php(812): Illuminate\\Database\\Connection->Illuminate\\Database\\{closure}()
#2 /home/alunoifpe/eloquent/vendor/laravel/framework/src/Illuminate/Database/Connection.php(779): Illuminate\\Database\\Connection->runQueryCallback()
#3 /home/alunoifpe/eloquent/vendor/laravel/framework/src/Illuminate/Database/Connection.php(560): Illuminate\\Database\\Connection->run()
#4 /home/alunoifpe/eloquent/vendor/laravel/framework/src/Illuminate/Database/Schema/Blueprint.php(117): Illuminate\\Database\\Connection->statement()
#5 /home/alunoifpe/eloquent/vendor/laravel/framework/src/Illuminate/Database/Schema/Builder.php(565): Illuminate\\Database\\Schema\\Blueprint->build()
#6 /home/alunoifpe/eloquent/vendor/laravel/framework/src/Illuminate/Database/Schema/Builder.php(419): Illuminate\\Database\\Schema\\Builder->build()
#7 /home/alunoifpe/eloquent/vendor/laravel/framework/src/Illuminate/Support/Facades/Facade.php(357): Illuminate\\Database\\Schema\\Builder->create()
#8 /home/alunoifpe/eloquent/database/migrations/2024_09_04_140443_create_authors_table.php(11): Illuminate\\Support\\Facades\\Facade::__callStatic()
#9 /home/alunoifpe/eloquent/vendor/laravel/framework/src/Illuminate/Database/Migrations/Migrator.php(475): CreateAuthorsTable->up()
#10 /home/alunoifpe/eloquent/vendor/laravel/framework/src/Illuminate/Database/Migrations/Migrator.php(400): Illuminate\\Database\\Migrations\\Migrator->runMethod()
#11 /home/alunoifpe/eloquent/vendor/laravel/framework/src/Illuminate/Database/Migrations/Migrator.php(409): Illuminate\\Database\\Migrations\\Migrator->Illuminate\\Database\\Migrations\\{closure}()
#12 /home/alunoifpe/eloquent/vendor/laravel/framework/src/Illuminate/Database/Migrations/Migrator.php(212): Illuminate\\Database\\Migrations\\Migrator->runMigration()
#13 /home/alunoifpe/eloquent/vendor/laravel/framework/src/Illuminate/Console/View/Components/Task.php(40): Illuminate\\Database\\Migrations\\Migrator->Illuminate\\Database\\Migrations\\{closure}()
#14 /home/alunoifpe/eloquent/vendor/laravel/framework/src/Illuminate/Database/Migrations/Migrator.php(736): Illuminate\\Console\\View\\Components\\Task->render()
#15 /home/alunoifpe/eloquent/vendor/laravel/framework/src/Illuminate/Database/Migrations/Migrator.php(212): Illuminate\\Database\\Migrations\\Migrator->write()
#16 /home/alunoifpe/eloquent/vendor/laravel/framework/src/Illuminate/Database/Migrations/Migrator.php(179): Illuminate\\Database\\Migrations\\Migrator->runUp()
#17 /home/alunoifpe/eloquent/vendor/laravel/framework/src/Illuminate/Database/Migrations/Migrator.php(122): Illuminate\\Database\\Migrations\\Migrator->runPending()
#18 /home/alunoifpe/eloquent/vendor/laravel/framework/src/Illuminate/Database/Console/Migrations/MigrateCommand.php(116): Illuminate\\Database\\Migrations\\Migrator->run()
#19 /home/alunoifpe/eloquent/vendor/laravel/framework/src/Illuminate/Database/Migrations/Migrator.php(615): Illuminate\\Database\\Console\\Migrations\\MigrateCommand->Illuminate\\Database\\Console\\Migrations\\{closure}()
#20 /home/alunoifpe/eloquent/vendor/laravel/framework/src/Illuminate/Database/Console/Migrations/MigrateCommand.php(109): Illuminate\\Database\\Migrations\\Migrator->usingConnection()
#21 /home/alunoifpe/eloquent/vendor/laravel/framework/src/Illuminate/Database/Console/Migrations/MigrateCommand.php(88): Illuminate\\Database\\Console\\Migrations\\MigrateCommand->runMigrations()
#22 /home/alunoifpe/eloquent/vendor/laravel/framework/src/Illuminate/Container/BoundMethod.php(36): Illuminate\\Database\\Console\\Migrations\\MigrateCommand->handle()
#23 /home/alunoifpe/eloquent/vendor/laravel/framework/src/Illuminate/Container/Util.php(43): Illuminate\\Container\\BoundMethod::Illuminate\\Container\\{closure}()
#24 /home/alunoifpe/eloquent/vendor/laravel/framework/src/Illuminate/Container/BoundMethod.php(95): Illuminate\\Container\\Util::unwrapIfClosure()
#25 /home/alunoifpe/eloquent/vendor/laravel/framework/src/Illuminate/Container/BoundMethod.php(35): Illuminate\\Container\\BoundMethod::callBoundMethod()
#26 /home/alunoifpe/eloquent/vendor/laravel/framework/src/Illuminate/Container/Container.php(690): Illuminate\\Container\\BoundMethod::call()
#27 /home/alunoifpe/eloquent/vendor/laravel/framework/src/Illuminate/Console/Command.php(213): Illuminate\\Container\\Container->call()
#28 /home/alunoifpe/eloquent/vendor/symfony/console/Command/Command.php(279): Illuminate\\Console\\Command->execute()
#29 /home/alunoifpe/eloquent/vendor/laravel/framework/src/Illuminate/Console/Command.php(182): Symfony\\Component\\Console\\Command\\Command->run()
#30 /home/alunoifpe/eloquent/vendor/symfony/console/Application.php(1047): Illuminate\\Console\\Command->run()
#31 /home/alunoifpe/eloquent/vendor/symfony/console/Application.php(316): Symfony\\Component\\Console\\Application->doRunCommand()
#32 /home/alunoifpe/eloquent/vendor/symfony/console/Application.php(167): Symfony\\Component\\Console\\Application->doRun()
#33 /home/alunoifpe/eloquent/vendor/laravel/framework/src/Illuminate/Foundation/Console/Kernel.php(197): Symfony\\Component\\Console\\Application->run()
#34 /home/alunoifpe/eloquent/vendor/laravel/framework/src/Illuminate/Foundation/Application.php(1203): Illuminate\\Foundation\\Console\\Kernel->handle()
#35 /home/alunoifpe/eloquent/artisan(13): Illuminate\\Foundation\\Application->handleCommand()
#36 {main}
"} 
[2024-09-04 14:19:26] local.ERROR: SQLSTATE[42S22]: Column not found: 1054 Unknown column 'publisher_id' in 'field list' (Connection: mysql, SQL: insert into `books` (`title`, `author_id`, `publisher_id`, `published_year`, `updated_at`, `created_at`) values (Dom Casmurro, 1, 1, 1899, 2024-09-04 14:19:26, 2024-09-04 14:19:26)) {"exception":"[object] (Illuminate\\Database\\QueryException(code: 42S22): SQLSTATE[42S22]: Column not found: 1054 Unknown column 'publisher_id' in 'field list' (Connection: mysql, SQL: insert into `books` (`title`, `author_id`, `publisher_id`, `published_year`, `updated_at`, `created_at`) values (Dom Casmurro, 1, 1, 1899, 2024-09-04 14:19:26, 2024-09-04 14:19:26)) at /home/alunoifpe/eloquent/vendor/laravel/framework/src/Illuminate/Database/Connection.php:825)
[stacktrace]
#0 /home/alunoifpe/eloquent/vendor/laravel/framework/src/Illuminate/Database/Connection.php(779): Illuminate\\Database\\Connection->runQueryCallback()
#1 /home/alunoifpe/eloquent/vendor/laravel/framework/src/Illuminate/Database/MySqlConnection.php(42): Illuminate\\Database\\Connection->run()
#2 /home/alunoifpe/eloquent/vendor/laravel/framework/src/Illuminate/Database/Query/Processors/MySqlProcessor.php(35): Illuminate\\Database\\MySqlConnection->insert()
#3 /home/alunoifpe/eloquent/vendor/laravel/framework/src/Illuminate/Database/Query/Builder.php(3754): Illuminate\\Database\\Query\\Processors\\MySqlProcessor->processInsertGetId()
#4 /home/alunoifpe/eloquent/vendor/laravel/framework/src/Illuminate/Database/Eloquent/Builder.php(2038): Illuminate\\Database\\Query\\Builder->insertGetId()
#5 /home/alunoifpe/eloquent/vendor/laravel/framework/src/Illuminate/Database/Eloquent/Model.php(1358): Illuminate\\Database\\Eloquent\\Builder->__call()
#6 /home/alunoifpe/eloquent/vendor/laravel/framework/src/Illuminate/Database/Eloquent/Model.php(1323): Illuminate\\Database\\Eloquent\\Model->insertAndSetId()
#7 /home/alunoifpe/eloquent/vendor/laravel/framework/src/Illuminate/Database/Eloquent/Model.php(1162): Illuminate\\Database\\Eloquent\\Model->performInsert()
#8 /home/alunoifpe/eloquent/vendor/laravel/framework/src/Illuminate/Database/Eloquent/Builder.php(1079): Illuminate\\Database\\Eloquent\\Model->save()
#9 /home/alunoifpe/eloquent/vendor/laravel/framework/src/Illuminate/Support/helpers.php(380): Illuminate\\Database\\Eloquent\\Builder->Illuminate\\Database\\Eloquent\\{closure}()
#10 /home/alunoifpe/eloquent/vendor/laravel/framework/src/Illuminate/Database/Eloquent/Builder.php(1078): tap()
#11 /home/alunoifpe/eloquent/vendor/laravel/framework/src/Illuminate/Support/Traits/ForwardsCalls.php(23): Illuminate\\Database\\Eloquent\\Builder->create()
#12 /home/alunoifpe/eloquent/vendor/laravel/framework/src/Illuminate/Database/Eloquent/Model.php(2367): Illuminate\\Database\\Eloquent\\Model->forwardCallTo()
#13 /home/alunoifpe/eloquent/vendor/laravel/framework/src/Illuminate/Database/Eloquent/Model.php(2379): Illuminate\\Database\\Eloquent\\Model->__call()
#14 /home/alunoifpe/eloquent/database/seeders/BookSeeder.php(13): Illuminate\\Database\\Eloquent\\Model::__callStatic()
#15 /home/alunoifpe/eloquent/vendor/laravel/framework/src/Illuminate/Container/BoundMethod.php(36): Database\\Seeders\\BookSeeder->run()
#16 /home/alunoifpe/eloquent/vendor/laravel/framework/src/Illuminate/Container/Util.php(43): Illuminate\\Container\\BoundMethod::Illuminate\\Container\\{closure}()
#17 /home/alunoifpe/eloquent/vendor/laravel/framework/src/Illuminate/Container/BoundMethod.php(95): Illuminate\\Container\\Util::unwrapIfClosure()
#18 /home/alunoifpe/eloquent/vendor/laravel/framework/src/Illuminate/Container/BoundMethod.php(35): Illuminate\\Container\\BoundMethod::callBoundMethod()
#19 /home/alunoifpe/eloquent/vendor/laravel/framework/src/Illuminate/Container/Container.php(690): Illuminate\\Container\\BoundMethod::call()
#20 /home/alunoifpe/eloquent/vendor/laravel/framework/src/Illuminate/Database/Seeder.php(184): Illuminate\\Container\\Container->call()
#21 /home/alunoifpe/eloquent/vendor/laravel/framework/src/Illuminate/Database/Seeder.php(193): Illuminate\\Database\\Seeder->Illuminate\\Database\\{closure}()
#22 /home/alunoifpe/eloquent/vendor/laravel/framework/src/Illuminate/Database/Seeder.php(61): Illuminate\\Database\\Seeder->__invoke()
#23 /home/alunoifpe/eloquent/database/seeders/DatabaseSeeder.php(11): Illuminate\\Database\\Seeder->call()
#24 /home/alunoifpe/eloquent/vendor/laravel/framework/src/Illuminate/Container/BoundMethod.php(36): Database\\Seeders\\DatabaseSeeder->run()
#25 /home/alunoifpe/eloquent/vendor/laravel/framework/src/Illuminate/Container/Util.php(43): Illuminate\\Container\\BoundMethod::Illuminate\\Container\\{closure}()
#26 /home/alunoifpe/eloquent/vendor/laravel/framework/src/Illuminate/Container/BoundMethod.php(95): Illuminate\\Container\\Util::unwrapIfClosure()
#27 /home/alunoifpe/eloquent/vendor/laravel/framework/src/Illuminate/Container/BoundMethod.php(35): Illuminate\\Container\\BoundMethod::callBoundMethod()
#28 /home/alunoifpe/eloquent/vendor/laravel/framework/src/Illuminate/Container/Container.php(690): Illuminate\\Container\\BoundMethod::call()
#29 /home/alunoifpe/eloquent/vendor/laravel/framework/src/Illuminate/Database/Seeder.php(184): Illuminate\\Container\\Container->call()
#30 /home/alunoifpe/eloquent/vendor/laravel/framework/src/Illuminate/Database/Seeder.php(193): Illuminate\\Database\\Seeder->Illuminate\\Database\\{closure}()
#31 /home/alunoifpe/eloquent/vendor/laravel/framework/src/Illuminate/Database/Console/Seeds/SeedCommand.php(70): Illuminate\\Database\\Seeder->__invoke()
#32 /home/alunoifpe/eloquent/vendor/laravel/framework/src/Illuminate/Database/Eloquent/Concerns/GuardsAttributes.php(155): Illuminate\\Database\\Console\\Seeds\\SeedCommand->Illuminate\\Database\\Console\\Seeds\\{closure}()
#33 /home/alunoifpe/eloquent/vendor/laravel/framework/src/Illuminate/Database/Console/Seeds/SeedCommand.php(69): Illuminate\\Database\\Eloquent\\Model::unguarded()
#34 /home/alunoifpe/eloquent/vendor/laravel/framework/src/Illuminate/Container/BoundMethod.php(36): Illuminate\\Database\\Console\\Seeds\\SeedCommand->handle()
#35 /home/alunoifpe/eloquent/vendor/laravel/framework/src/Illuminate/Container/Util.php(43): Illuminate\\Container\\BoundMethod::Illuminate\\Container\\{closure}()
#36 /home/alunoifpe/eloquent/vendor/laravel/framework/src/Illuminate/Container/BoundMethod.php(95): Illuminate\\Container\\Util::unwrapIfClosure()
#37 /home/alunoifpe/eloquent/vendor/laravel/framework/src/Illuminate/Container/BoundMethod.php(35): Illuminate\\Container\\BoundMethod::callBoundMethod()
#38 /home/alunoifpe/eloquent/vendor/laravel/framework/src/Illuminate/Container/Container.php(690): Illuminate\\Container\\BoundMethod::call()
#39 /home/alunoifpe/eloquent/vendor/laravel/framework/src/Illuminate/Console/Command.php(213): Illuminate\\Container\\Container->call()
#40 /home/alunoifpe/eloquent/vendor/symfony/console/Command/Command.php(279): Illuminate\\Console\\Command->execute()
#41 /home/alunoifpe/eloquent/vendor/laravel/framework/src/Illuminate/Console/Command.php(182): Symfony\\Component\\Console\\Command\\Command->run()
#42 /home/alunoifpe/eloquent/vendor/symfony/console/Application.php(1047): Illuminate\\Console\\Command->run()
#43 /home/alunoifpe/eloquent/vendor/symfony/console/Application.php(316): Symfony\\Component\\Console\\Application->doRunCommand()
#44 /home/alunoifpe/eloquent/vendor/symfony/console/Application.php(167): Symfony\\Component\\Console\\Application->doRun()
#45 /home/alunoifpe/eloquent/vendor/laravel/framework/src/Illuminate/Foundation/Console/Kernel.php(197): Symfony\\Component\\Console\\Application->run()
#46 /home/alunoifpe/eloquent/vendor/laravel/framework/src/Illuminate/Foundation/Application.php(1203): Illuminate\\Foundation\\Console\\Kernel->handle()
#47 /home/alunoifpe/eloquent/artisan(13): Illuminate\\Foundation\\Application->handleCommand()
#48 {main}

[previous exception] [object] (PDOException(code: 42S22): SQLSTATE[42S22]: Column not found: 1054 Unknown column 'publisher_id' in 'field list' at /home/alunoifpe/eloquent/vendor/laravel/framework/src/Illuminate/Database/MySqlConnection.php:47)
[stacktrace]
#0 /home/alunoifpe/eloquent/vendor/laravel/framework/src/Illuminate/Database/MySqlConnection.php(47): PDO->prepare()
#1 /home/alunoifpe/eloquent/vendor/laravel/framework/src/Illuminate/Database/Connection.php(812): Illuminate\\Database\\MySqlConnection->Illuminate\\Database\\{closure}()
#2 /home/alunoifpe/eloquent/vendor/laravel/framework/src/Illuminate/Database/Connection.php(779): Illuminate\\Database\\Connection->runQueryCallback()
#3 /home/alunoifpe/eloquent/vendor/laravel/framework/src/Illuminate/Database/MySqlConnection.php(42): Illuminate\\Database\\Connection->run()
#4 /home/alunoifpe/eloquent/vendor/laravel/framework/src/Illuminate/Database/Query/Processors/MySqlProcessor.php(35): Illuminate\\Database\\MySqlConnection->insert()
#5 /home/alunoifpe/eloquent/vendor/laravel/framework/src/Illuminate/Database/Query/Builder.php(3754): Illuminate\\Database\\Query\\Processors\\MySqlProcessor->processInsertGetId()
#6 /home/alunoifpe/eloquent/vendor/laravel/framework/src/Illuminate/Database/Eloquent/Builder.php(2038): Illuminate\\Database\\Query\\Builder->insertGetId()
#7 /home/alunoifpe/eloquent/vendor/laravel/framework/src/Illuminate/Database/Eloquent/Model.php(1358): Illuminate\\Database\\Eloquent\\Builder->__call()
#8 /home/alunoifpe/eloquent/vendor/laravel/framework/src/Illuminate/Database/Eloquent/Model.php(1323): Illuminate\\Database\\Eloquent\\Model->insertAndSetId()
#9 /home/alunoifpe/eloquent/vendor/laravel/framework/src/Illuminate/Database/Eloquent/Model.php(1162): Illuminate\\Database\\Eloquent\\Model->performInsert()
#10 /home/alunoifpe/eloquent/vendor/laravel/framework/src/Illuminate/Database/Eloquent/Builder.php(1079): Illuminate\\Database\\Eloquent\\Model->save()
#11 /home/alunoifpe/eloquent/vendor/laravel/framework/src/Illuminate/Support/helpers.php(380): Illuminate\\Database\\Eloquent\\Builder->Illuminate\\Database\\Eloquent\\{closure}()
#12 /home/alunoifpe/eloquent/vendor/laravel/framework/src/Illuminate/Database/Eloquent/Builder.php(1078): tap()
#13 /home/alunoifpe/eloquent/vendor/laravel/framework/src/Illuminate/Support/Traits/ForwardsCalls.php(23): Illuminate\\Database\\Eloquent\\Builder->create()
#14 /home/alunoifpe/eloquent/vendor/laravel/framework/src/Illuminate/Database/Eloquent/Model.php(2367): Illuminate\\Database\\Eloquent\\Model->forwardCallTo()
#15 /home/alunoifpe/eloquent/vendor/laravel/framework/src/Illuminate/Database/Eloquent/Model.php(2379): Illuminate\\Database\\Eloquent\\Model->__call()
#16 /home/alunoifpe/eloquent/database/seeders/BookSeeder.php(13): Illuminate\\Database\\Eloquent\\Model::__callStatic()
#17 /home/alunoifpe/eloquent/vendor/laravel/framework/src/Illuminate/Container/BoundMethod.php(36): Database\\Seeders\\BookSeeder->run()
#18 /home/alunoifpe/eloquent/vendor/laravel/framework/src/Illuminate/Container/Util.php(43): Illuminate\\Container\\BoundMethod::Illuminate\\Container\\{closure}()
#19 /home/alunoifpe/eloquent/vendor/laravel/framework/src/Illuminate/Container/BoundMethod.php(95): Illuminate\\Container\\Util::unwrapIfClosure()
#20 /home/alunoifpe/eloquent/vendor/laravel/framework/src/Illuminate/Container/BoundMethod.php(35): Illuminate\\Container\\BoundMethod::callBoundMethod()
#21 /home/alunoifpe/eloquent/vendor/laravel/framework/src/Illuminate/Container/Container.php(690): Illuminate\\Container\\BoundMethod::call()
#22 /home/alunoifpe/eloquent/vendor/laravel/framework/src/Illuminate/Database/Seeder.php(184): Illuminate\\Container\\Container->call()
#23 /home/alunoifpe/eloquent/vendor/laravel/framework/src/Illuminate/Database/Seeder.php(193): Illuminate\\Database\\Seeder->Illuminate\\Database\\{closure}()
#24 /home/alunoifpe/eloquent/vendor/laravel/framework/src/Illuminate/Database/Seeder.php(61): Illuminate\\Database\\Seeder->__invoke()
#25 /home/alunoifpe/eloquent/database/seeders/DatabaseSeeder.php(11): Illuminate\\Database\\Seeder->call()
#26 /home/alunoifpe/eloquent/vendor/laravel/framework/src/Illuminate/Container/BoundMethod.php(36): Database\\Seeders\\DatabaseSeeder->run()
#27 /home/alunoifpe/eloquent/vendor/laravel/framework/src/Illuminate/Container/Util.php(43): Illuminate\\Container\\BoundMethod::Illuminate\\Container\\{closure}()
#28 /home/alunoifpe/eloquent/vendor/laravel/framework/src/Illuminate/Container/BoundMethod.php(95): Illuminate\\Container\\Util::unwrapIfClosure()
#29 /home/alunoifpe/eloquent/vendor/laravel/framework/src/Illuminate/Container/BoundMethod.php(35): Illuminate\\Container\\BoundMethod::callBoundMethod()
#30 /home/alunoifpe/eloquent/vendor/laravel/framework/src/Illuminate/Container/Container.php(690): Illuminate\\Container\\BoundMethod::call()
#31 /home/alunoifpe/eloquent/vendor/laravel/framework/src/Illuminate/Database/Seeder.php(184): Illuminate\\Container\\Container->call()
#32 /home/alunoifpe/eloquent/vendor/laravel/framework/src/Illuminate/Database/Seeder.php(193): Illuminate\\Database\\Seeder->Illuminate\\Database\\{closure}()
#33 /home/alunoifpe/eloquent/vendor/laravel/framework/src/Illuminate/Database/Console/Seeds/SeedCommand.php(70): Illuminate\\Database\\Seeder->__invoke()
#34 /home/alunoifpe/eloquent/vendor/laravel/framework/src/Illuminate/Database/Eloquent/Concerns/GuardsAttributes.php(155): Illuminate\\Database\\Console\\Seeds\\SeedCommand->Illuminate\\Database\\Console\\Seeds\\{closure}()
#35 /home/alunoifpe/eloquent/vendor/laravel/framework/src/Illuminate/Database/Console/Seeds/SeedCommand.php(69): Illuminate\\Database\\Eloquent\\Model::unguarded()
#36 /home/alunoifpe/eloquent/vendor/laravel/framework/src/Illuminate/Container/BoundMethod.php(36): Illuminate\\Database\\Console\\Seeds\\SeedCommand->handle()
#37 /home/alunoifpe/eloquent/vendor/laravel/framework/src/Illuminate/Container/Util.php(43): Illuminate\\Container\\BoundMethod::Illuminate\\Container\\{closure}()
#38 /home/alunoifpe/eloquent/vendor/laravel/framework/src/Illuminate/Container/BoundMethod.php(95): Illuminate\\Container\\Util::unwrapIfClosure()
#39 /home/alunoifpe/eloquent/vendor/laravel/framework/src/Illuminate/Container/BoundMethod.php(35): Illuminate\\Container\\BoundMethod::callBoundMethod()
#40 /home/alunoifpe/eloquent/vendor/laravel/framework/src/Illuminate/Container/Container.php(690): Illuminate\\Container\\BoundMethod::call()
#41 /home/alunoifpe/eloquent/vendor/laravel/framework/src/Illuminate/Console/Command.php(213): Illuminate\\Container\\Container->call()
#42 /home/alunoifpe/eloquent/vendor/symfony/console/Command/Command.php(279): Illuminate\\Console\\Command->execute()
#43 /home/alunoifpe/eloquent/vendor/laravel/framework/src/Illuminate/Console/Command.php(182): Symfony\\Component\\Console\\Command\\Command->run()
#44 /home/alunoifpe/eloquent/vendor/symfony/console/Application.php(1047): Illuminate\\Console\\Command->run()
#45 /home/alunoifpe/eloquent/vendor/symfony/console/Application.php(316): Symfony\\Component\\Console\\Application->doRunCommand()
#46 /home/alunoifpe/eloquent/vendor/symfony/console/Application.php(167): Symfony\\Component\\Console\\Application->doRun()
#47 /home/alunoifpe/eloquent/vendor/laravel/framework/src/Illuminate/Foundation/Console/Kernel.php(197): Symfony\\Component\\Console\\Application->run()
#48 /home/alunoifpe/eloquent/vendor/laravel/framework/src/Illuminate/Foundation/Application.php(1203): Illuminate\\Foundation\\Console\\Kernel->handle()
#49 /home/alunoifpe/eloquent/artisan(13): Illuminate\\Foundation\\Application->handleCommand()
#50 {main}
"} 
[2024-09-04 14:19:35] local.ERROR: SQLSTATE[42S01]: Base table or view already exists: 1050 Table 'authors' already exists (Connection: mysql, SQL: create table `authors` (`id` bigint unsigned not null auto_increment primary key, `name` varchar(255) not null, `birth_date` date null, `created_at` timestamp null, `updated_at` timestamp null) default character set utf8mb4 collate 'utf8mb4_unicode_ci') {"exception":"[object] (Illuminate\\Database\\QueryException(code: 42S01): SQLSTATE[42S01]: Base table or view already exists: 1050 Table 'authors' already exists (Connection: mysql, SQL: create table `authors` (`id` bigint unsigned not null auto_increment primary key, `name` varchar(255) not null, `birth_date` date null, `created_at` timestamp null, `updated_at` timestamp null) default character set utf8mb4 collate 'utf8mb4_unicode_ci') at /home/alunoifpe/eloquent/vendor/laravel/framework/src/Illuminate/Database/Connection.php:825)
[stacktrace]
#0 /home/alunoifpe/eloquent/vendor/laravel/framework/src/Illuminate/Database/Connection.php(779): Illuminate\\Database\\Connection->runQueryCallback()
#1 /home/alunoifpe/eloquent/vendor/laravel/framework/src/Illuminate/Database/Connection.php(560): Illuminate\\Database\\Connection->run()
#2 /home/alunoifpe/eloquent/vendor/laravel/framework/src/Illuminate/Database/Schema/Blueprint.php(117): Illuminate\\Database\\Connection->statement()
#3 /home/alunoifpe/eloquent/vendor/laravel/framework/src/Illuminate/Database/Schema/Builder.php(565): Illuminate\\Database\\Schema\\Blueprint->build()
#4 /home/alunoifpe/eloquent/vendor/laravel/framework/src/Illuminate/Database/Schema/Builder.php(419): Illuminate\\Database\\Schema\\Builder->build()
#5 /home/alunoifpe/eloquent/vendor/laravel/framework/src/Illuminate/Support/Facades/Facade.php(357): Illuminate\\Database\\Schema\\Builder->create()
#6 /home/alunoifpe/eloquent/database/migrations/2024_09_04_140443_create_authors_table.php(11): Illuminate\\Support\\Facades\\Facade::__callStatic()
#7 /home/alunoifpe/eloquent/vendor/laravel/framework/src/Illuminate/Database/Migrations/Migrator.php(475): CreateAuthorsTable->up()
#8 /home/alunoifpe/eloquent/vendor/laravel/framework/src/Illuminate/Database/Migrations/Migrator.php(400): Illuminate\\Database\\Migrations\\Migrator->runMethod()
#9 /home/alunoifpe/eloquent/vendor/laravel/framework/src/Illuminate/Database/Migrations/Migrator.php(409): Illuminate\\Database\\Migrations\\Migrator->Illuminate\\Database\\Migrations\\{closure}()
#10 /home/alunoifpe/eloquent/vendor/laravel/framework/src/Illuminate/Database/Migrations/Migrator.php(212): Illuminate\\Database\\Migrations\\Migrator->runMigration()
#11 /home/alunoifpe/eloquent/vendor/laravel/framework/src/Illuminate/Console/View/Components/Task.php(40): Illuminate\\Database\\Migrations\\Migrator->Illuminate\\Database\\Migrations\\{closure}()
#12 /home/alunoifpe/eloquent/vendor/laravel/framework/src/Illuminate/Database/Migrations/Migrator.php(736): Illuminate\\Console\\View\\Components\\Task->render()
#13 /home/alunoifpe/eloquent/vendor/laravel/framework/src/Illuminate/Database/Migrations/Migrator.php(212): Illuminate\\Database\\Migrations\\Migrator->write()
#14 /home/alunoifpe/eloquent/vendor/laravel/framework/src/Illuminate/Database/Migrations/Migrator.php(179): Illuminate\\Database\\Migrations\\Migrator->runUp()
#15 /home/alunoifpe/eloquent/vendor/laravel/framework/src/Illuminate/Database/Migrations/Migrator.php(122): Illuminate\\Database\\Migrations\\Migrator->runPending()
#16 /home/alunoifpe/eloquent/vendor/laravel/framework/src/Illuminate/Database/Console/Migrations/MigrateCommand.php(116): Illuminate\\Database\\Migrations\\Migrator->run()
#17 /home/alunoifpe/eloquent/vendor/laravel/framework/src/Illuminate/Database/Migrations/Migrator.php(615): Illuminate\\Database\\Console\\Migrations\\MigrateCommand->Illuminate\\Database\\Console\\Migrations\\{closure}()
#18 /home/alunoifpe/eloquent/vendor/laravel/framework/src/Illuminate/Database/Console/Migrations/MigrateCommand.php(109): Illuminate\\Database\\Migrations\\Migrator->usingConnection()
#19 /home/alunoifpe/eloquent/vendor/laravel/framework/src/Illuminate/Database/Console/Migrations/MigrateCommand.php(88): Illuminate\\Database\\Console\\Migrations\\MigrateCommand->runMigrations()
#20 /home/alunoifpe/eloquent/vendor/laravel/framework/src/Illuminate/Container/BoundMethod.php(36): Illuminate\\Database\\Console\\Migrations\\MigrateCommand->handle()
#21 /home/alunoifpe/eloquent/vendor/laravel/framework/src/Illuminate/Container/Util.php(43): Illuminate\\Container\\BoundMethod::Illuminate\\Container\\{closure}()
#22 /home/alunoifpe/eloquent/vendor/laravel/framework/src/Illuminate/Container/BoundMethod.php(95): Illuminate\\Container\\Util::unwrapIfClosure()
#23 /home/alunoifpe/eloquent/vendor/laravel/framework/src/Illuminate/Container/BoundMethod.php(35): Illuminate\\Container\\BoundMethod::callBoundMethod()
#24 /home/alunoifpe/eloquent/vendor/laravel/framework/src/Illuminate/Container/Container.php(690): Illuminate\\Container\\BoundMethod::call()
#25 /home/alunoifpe/eloquent/vendor/laravel/framework/src/Illuminate/Console/Command.php(213): Illuminate\\Container\\Container->call()
#26 /home/alunoifpe/eloquent/vendor/symfony/console/Command/Command.php(279): Illuminate\\Console\\Command->execute()
#27 /home/alunoifpe/eloquent/vendor/laravel/framework/src/Illuminate/Console/Command.php(182): Symfony\\Component\\Console\\Command\\Command->run()
#28 /home/alunoifpe/eloquent/vendor/symfony/console/Application.php(1047): Illuminate\\Console\\Command->run()
#29 /home/alunoifpe/eloquent/vendor/symfony/console/Application.php(316): Symfony\\Component\\Console\\Application->doRunCommand()
#30 /home/alunoifpe/eloquent/vendor/symfony/console/Application.php(167): Symfony\\Component\\Console\\Application->doRun()
#31 /home/alunoifpe/eloquent/vendor/laravel/framework/src/Illuminate/Foundation/Console/Kernel.php(197): Symfony\\Component\\Console\\Application->run()
#32 /home/alunoifpe/eloquent/vendor/laravel/framework/src/Illuminate/Foundation/Application.php(1203): Illuminate\\Foundation\\Console\\Kernel->handle()
#33 /home/alunoifpe/eloquent/artisan(13): Illuminate\\Foundation\\Application->handleCommand()
#34 {main}

[previous exception] [object] (PDOException(code: 42S01): SQLSTATE[42S01]: Base table or view already exists: 1050 Table 'authors' already exists at /home/alunoifpe/eloquent/vendor/laravel/framework/src/Illuminate/Database/Connection.php:571)
[stacktrace]
#0 /home/alunoifpe/eloquent/vendor/laravel/framework/src/Illuminate/Database/Connection.php(571): PDOStatement->execute()
#1 /home/alunoifpe/eloquent/vendor/laravel/framework/src/Illuminate/Database/Connection.php(812): Illuminate\\Database\\Connection->Illuminate\\Database\\{closure}()
#2 /home/alunoifpe/eloquent/vendor/laravel/framework/src/Illuminate/Database/Connection.php(779): Illuminate\\Database\\Connection->runQueryCallback()
#3 /home/alunoifpe/eloquent/vendor/laravel/framework/src/Illuminate/Database/Connection.php(560): Illuminate\\Database\\Connection->run()
#4 /home/alunoifpe/eloquent/vendor/laravel/framework/src/Illuminate/Database/Schema/Blueprint.php(117): Illuminate\\Database\\Connection->statement()
#5 /home/alunoifpe/eloquent/vendor/laravel/framework/src/Illuminate/Database/Schema/Builder.php(565): Illuminate\\Database\\Schema\\Blueprint->build()
#6 /home/alunoifpe/eloquent/vendor/laravel/framework/src/Illuminate/Database/Schema/Builder.php(419): Illuminate\\Database\\Schema\\Builder->build()
#7 /home/alunoifpe/eloquent/vendor/laravel/framework/src/Illuminate/Support/Facades/Facade.php(357): Illuminate\\Database\\Schema\\Builder->create()
#8 /home/alunoifpe/eloquent/database/migrations/2024_09_04_140443_create_authors_table.php(11): Illuminate\\Support\\Facades\\Facade::__callStatic()
#9 /home/alunoifpe/eloquent/vendor/laravel/framework/src/Illuminate/Database/Migrations/Migrator.php(475): CreateAuthorsTable->up()
#10 /home/alunoifpe/eloquent/vendor/laravel/framework/src/Illuminate/Database/Migrations/Migrator.php(400): Illuminate\\Database\\Migrations\\Migrator->runMethod()
#11 /home/alunoifpe/eloquent/vendor/laravel/framework/src/Illuminate/Database/Migrations/Migrator.php(409): Illuminate\\Database\\Migrations\\Migrator->Illuminate\\Database\\Migrations\\{closure}()
#12 /home/alunoifpe/eloquent/vendor/laravel/framework/src/Illuminate/Database/Migrations/Migrator.php(212): Illuminate\\Database\\Migrations\\Migrator->runMigration()
#13 /home/alunoifpe/eloquent/vendor/laravel/framework/src/Illuminate/Console/View/Components/Task.php(40): Illuminate\\Database\\Migrations\\Migrator->Illuminate\\Database\\Migrations\\{closure}()
#14 /home/alunoifpe/eloquent/vendor/laravel/framework/src/Illuminate/Database/Migrations/Migrator.php(736): Illuminate\\Console\\View\\Components\\Task->render()
#15 /home/alunoifpe/eloquent/vendor/laravel/framework/src/Illuminate/Database/Migrations/Migrator.php(212): Illuminate\\Database\\Migrations\\Migrator->write()
#16 /home/alunoifpe/eloquent/vendor/laravel/framework/src/Illuminate/Database/Migrations/Migrator.php(179): Illuminate\\Database\\Migrations\\Migrator->runUp()
#17 /home/alunoifpe/eloquent/vendor/laravel/framework/src/Illuminate/Database/Migrations/Migrator.php(122): Illuminate\\Database\\Migrations\\Migrator->runPending()
#18 /home/alunoifpe/eloquent/vendor/laravel/framework/src/Illuminate/Database/Console/Migrations/MigrateCommand.php(116): Illuminate\\Database\\Migrations\\Migrator->run()
#19 /home/alunoifpe/eloquent/vendor/laravel/framework/src/Illuminate/Database/Migrations/Migrator.php(615): Illuminate\\Database\\Console\\Migrations\\MigrateCommand->Illuminate\\Database\\Console\\Migrations\\{closure}()
#20 /home/alunoifpe/eloquent/vendor/laravel/framework/src/Illuminate/Database/Console/Migrations/MigrateCommand.php(109): Illuminate\\Database\\Migrations\\Migrator->usingConnection()
#21 /home/alunoifpe/eloquent/vendor/laravel/framework/src/Illuminate/Database/Console/Migrations/MigrateCommand.php(88): Illuminate\\Database\\Console\\Migrations\\MigrateCommand->runMigrations()
#22 /home/alunoifpe/eloquent/vendor/laravel/framework/src/Illuminate/Container/BoundMethod.php(36): Illuminate\\Database\\Console\\Migrations\\MigrateCommand->handle()
#23 /home/alunoifpe/eloquent/vendor/laravel/framework/src/Illuminate/Container/Util.php(43): Illuminate\\Container\\BoundMethod::Illuminate\\Container\\{closure}()
#24 /home/alunoifpe/eloquent/vendor/laravel/framework/src/Illuminate/Container/BoundMethod.php(95): Illuminate\\Container\\Util::unwrapIfClosure()
#25 /home/alunoifpe/eloquent/vendor/laravel/framework/src/Illuminate/Container/BoundMethod.php(35): Illuminate\\Container\\BoundMethod::callBoundMethod()
#26 /home/alunoifpe/eloquent/vendor/laravel/framework/src/Illuminate/Container/Container.php(690): Illuminate\\Container\\BoundMethod::call()
#27 /home/alunoifpe/eloquent/vendor/laravel/framework/src/Illuminate/Console/Command.php(213): Illuminate\\Container\\Container->call()
#28 /home/alunoifpe/eloquent/vendor/symfony/console/Command/Command.php(279): Illuminate\\Console\\Command->execute()
#29 /home/alunoifpe/eloquent/vendor/laravel/framework/src/Illuminate/Console/Command.php(182): Symfony\\Component\\Console\\Command\\Command->run()
#30 /home/alunoifpe/eloquent/vendor/symfony/console/Application.php(1047): Illuminate\\Console\\Command->run()
#31 /home/alunoifpe/eloquent/vendor/symfony/console/Application.php(316): Symfony\\Component\\Console\\Application->doRunCommand()
#32 /home/alunoifpe/eloquent/vendor/symfony/console/Application.php(167): Symfony\\Component\\Console\\Application->doRun()
#33 /home/alunoifpe/eloquent/vendor/laravel/framework/src/Illuminate/Foundation/Console/Kernel.php(197): Symfony\\Component\\Console\\Application->run()
#34 /home/alunoifpe/eloquent/vendor/laravel/framework/src/Illuminate/Foundation/Application.php(1203): Illuminate\\Foundation\\Console\\Kernel->handle()
#35 /home/alunoifpe/eloquent/artisan(13): Illuminate\\Foundation\\Application->handleCommand()
#36 {main}
"} 
